
*** Running vivado
    with args -log main.vdi -applog -m64 -product Vivado -messageDb vivado.pb -mode batch -source main.tcl -notrace


****** Vivado v2018.2 (64-bit)
  **** SW Build 2258646 on Thu Jun 14 20:03:12 MDT 2018
  **** IP Build 2256618 on Thu Jun 14 22:10:49 MDT 2018
    ** Copyright 1986-2018 Xilinx, Inc. All Rights Reserved.

source main.tcl -notrace
Command: link_design -top main -part xc7a35tcpg236-1
Design is defaulting to srcset: sources_1
Design is defaulting to constrset: constrs_1
INFO: [Netlist 29-17] Analyzing 274 Unisim elements for replacement
INFO: [Netlist 29-28] Unisim Transformation completed in 0 CPU seconds
INFO: [Project 1-479] Netlist was created with Vivado 2018.2
INFO: [Device 21-403] Loading part xc7a35tcpg236-1
INFO: [Project 1-570] Preparing netlist for logic optimization
Parsing XDC File [C:/Users/cyber/Desktop/EE2026_Project/MODS.srcs/constrs_1/new/constr.xdc]
Finished Parsing XDC File [C:/Users/cyber/Desktop/EE2026_Project/MODS.srcs/constrs_1/new/constr.xdc]
INFO: [Opt 31-138] Pushed 0 inverter(s) to 0 load pin(s).
INFO: [Project 1-111] Unisim Transformation Summary:
No Unisim elements were transformed.

7 Infos, 0 Warnings, 0 Critical Warnings and 0 Errors encountered.
link_design completed successfully
link_design: Time (s): cpu = 00:00:03 ; elapsed = 00:00:07 . Memory (MB): peak = 603.816 ; gain = 324.266
Command: opt_design
Attempting to get a license for feature 'Implementation' and/or device 'xc7a35t'
INFO: [Common 17-349] Got license for feature 'Implementation' and/or device 'xc7a35t'
Running DRC as a precondition to command opt_design

Starting DRC Task
INFO: [DRC 23-27] Running DRC with 2 threads
ERROR: [DRC MDRV-1] Multiple Driver Nets: Net kashfy/draw_sq/Q[0] has multiple drivers: kashfy/draw_sq/y_var0_carry_i_4/O, and kashfy/nolabel_line73/y_var_reg[0]/Q.
ERROR: [DRC MDRV-1] Multiple Driver Nets: Net kashfy/nolabel_line73/B3[0] has multiple drivers: kashfy/draw_sq/x_var0_carry_i_4/O, and kashfy/nolabel_line73/x_var_reg[0]/Q.
ERROR: [DRC MDRV-1] Multiple Driver Nets: Net kashfy/nolabel_line73/Q[0] has multiple drivers: kashfy/nolabel_line73/y_var0_carry_i_3/O, and kashfy/nolabel_line73/y_var_reg[1]/Q.
ERROR: [DRC MDRV-1] Multiple Driver Nets: Net kashfy/nolabel_line73/Q[1] has multiple drivers: kashfy/nolabel_line73/y_var0_carry_i_2/O, and kashfy/nolabel_line73/y_var_reg[2]/Q.
ERROR: [DRC MDRV-1] Multiple Driver Nets: Net kashfy/nolabel_line73/Q[2] has multiple drivers: kashfy/nolabel_line73/y_var0_carry_i_1/O, and kashfy/nolabel_line73/y_var_reg[3]/Q.
ERROR: [DRC MDRV-1] Multiple Driver Nets: Net kashfy/nolabel_line73/Q[3] has multiple drivers: kashfy/nolabel_line73/y_var0_carry__0_i_2/O, and kashfy/nolabel_line73/y_var_reg[4]/Q.
ERROR: [DRC MDRV-1] Multiple Driver Nets: Net kashfy/nolabel_line73/Q[4] has multiple drivers: kashfy/nolabel_line73/y_var0_carry__0_i_1/O, and kashfy/nolabel_line73/y_var_reg[5]/Q.
ERROR: [DRC MDRV-1] Multiple Driver Nets: Net kashfy/nolabel_line73/Q[5] has multiple drivers: kashfy/nolabel_line73/y_var0_carry__0_i_6/O, and kashfy/nolabel_line73/y_var_reg[6]/Q.
ERROR: [DRC MDRV-1] Multiple Driver Nets: Net kashfy/nolabel_line73/x_var_reg[6]_0[0] has multiple drivers: kashfy/nolabel_line73/x_var0_carry_i_3/O, and kashfy/nolabel_line73/x_var_reg[1]/Q.
ERROR: [DRC MDRV-1] Multiple Driver Nets: Net kashfy/nolabel_line73/x_var_reg[6]_0[1] has multiple drivers: kashfy/nolabel_line73/x_var0_carry_i_2/O, and kashfy/nolabel_line73/x_var_reg[2]/Q.
ERROR: [DRC MDRV-1] Multiple Driver Nets: Net kashfy/nolabel_line73/x_var_reg[6]_0[2] has multiple drivers: kashfy/nolabel_line73/x_var0_carry_i_1/O, and kashfy/nolabel_line73/x_var_reg[3]/Q.
ERROR: [DRC MDRV-1] Multiple Driver Nets: Net kashfy/nolabel_line73/x_var_reg[6]_0[3] has multiple drivers: kashfy/nolabel_line73/x_var0_carry__0_i_2/O, and kashfy/nolabel_line73/x_var_reg[4]/Q.
ERROR: [DRC MDRV-1] Multiple Driver Nets: Net kashfy/nolabel_line73/x_var_reg[6]_0[4] has multiple drivers: kashfy/nolabel_line73/x_var0_carry__0_i_1/O, and kashfy/nolabel_line73/x_var_reg[5]/Q.
ERROR: [DRC MDRV-1] Multiple Driver Nets: Net kashfy/nolabel_line73/x_var_reg[6]_0[5] has multiple drivers: kashfy/nolabel_line73/x_var0_carry__0_i_6/O, and kashfy/nolabel_line73/x_var_reg[6]/Q.
INFO: [Project 1-461] DRC finished with 14 Errors
INFO: [Project 1-462] Please refer to the DRC report (report_drc) for more information.
ERROR: [Vivado_Tcl 4-78] Error(s) found during DRC. Opt_design not run.

Time (s): cpu = 00:00:01 ; elapsed = 00:00:00.669 . Memory (MB): peak = 614.625 ; gain = 10.809
INFO: [Common 17-83] Releasing license: Implementation
12 Infos, 0 Warnings, 0 Critical Warnings and 15 Errors encountered.
opt_design failed
ERROR: [Common 17-39] 'opt_design' failed due to earlier errors.

INFO: [Common 17-206] Exiting Vivado at Thu Oct 10 00:18:35 2024...
