Copyright 1986-2018 Xilinx, Inc. All Rights Reserved.
----------------------------------------------------------------------------------------
| Tool Version : Vivado v.2018.2 (win64) Build 2258646 Thu Jun 14 20:03:12 MDT 2018
| Date         : Thu Oct  3 20:40:29 2024
| Host         : gskang running 64-bit major release  (build 9200)
| Command      : report_control_sets -verbose -file Top_Student_control_sets_placed.rpt
| Design       : Top_Student
| Device       : xc7a35t
----------------------------------------------------------------------------------------

Control Set Information

Table of Contents
-----------------
1. Summary
2. Histogram
3. Flip-Flop Distribution
4. Detailed Control Set Information

1. Summary
----------

+----------------------------------------------------------+-------+
|                          Status                          | Count |
+----------------------------------------------------------+-------+
| Number of unique control sets                            |    11 |
| Unused register locations in slices containing registers |    14 |
+----------------------------------------------------------+-------+


2. Histogram
------------

+--------+--------------+
| Fanout | Control Sets |
+--------+--------------+
|      4 |            2 |
|      8 |            2 |
|    16+ |            7 |
+--------+--------------+


3. Flip-Flop Distribution
-------------------------

+--------------+-----------------------+------------------------+-----------------+--------------+
| Clock Enable | Synchronous Set/Reset | Asynchronous Set/Reset | Total Registers | Total Slices |
+--------------+-----------------------+------------------------+-----------------+--------------+
| No           | No                    | No                     |              16 |            6 |
| No           | No                    | Yes                    |               0 |            0 |
| No           | Yes                   | No                     |             250 |           40 |
| Yes          | No                    | No                     |             112 |           13 |
| Yes          | No                    | Yes                    |               0 |            0 |
| Yes          | Yes                   | No                     |              64 |            8 |
+--------------+-----------------------+------------------------+-----------------+--------------+


4. Detailed Control Set Information
-----------------------------------

+------------------+--------------------------------------+-----------------------------------+------------------+----------------+
|   Clock Signal   |             Enable Signal            |          Set/Reset Signal         | Slice Load Count | Bel Load Count |
+------------------+--------------------------------------+-----------------------------------+------------------+----------------+
|  CLOCK_IBUF_BUFG |                                      |                                   |                2 |              4 |
| ~clk625_BUFG     |                                      |                                   |                2 |              4 |
|  CLOCK_IBUF_BUFG | display/E[0]                         |                                   |                1 |              8 |
|  clk_BUFG        |                                      |                                   |                2 |              8 |
| ~clk625_BUFG     |                                      | display/frame_counter[16]_i_1_n_0 |                4 |             32 |
| ~clk625_BUFG     | display/delay[0]_i_1_n_0             |                                   |                5 |             40 |
|  CLOCK_IBUF_BUFG |                                      | clk1000hz/clear                   |                8 |             64 |
|  CLOCK_IBUF_BUFG |                                      | clk6p25m/count[0]_i_1__0_n_0      |                8 |             64 |
| ~clk625_BUFG     | display/FSM_onehot_state[31]_i_1_n_0 |                                   |                7 |             64 |
|  clk_BUFG        | sel                                  | counter[0]_i_1_n_0                |                8 |             64 |
| ~clk625_BUFG     |                                      | display/spi_word[39]_i_1_n_0      |               20 |             90 |
+------------------+--------------------------------------+-----------------------------------+------------------+----------------+


