Copyright 1986-2018 Xilinx, Inc. All Rights Reserved.
--------------------------------------------------------------------------------------------------------------------------------------------------------------------------------------------------------
| Tool Version : Vivado v.2018.2 (win64) Build 2258646 Thu Jun 14 20:03:12 MDT 2018
| Date         : Thu Oct  3 20:40:55 2024
| Host         : gskang running 64-bit major release  (build 9200)
| Command      : report_timing_summary -max_paths 10 -file Top_Student_timing_summary_routed.rpt -pb Top_Student_timing_summary_routed.pb -rpx Top_Student_timing_summary_routed.rpx -warn_on_violation
| Design       : Top_Student
| Device       : 7a35t-cpg236
| Speed File   : -1  PRODUCTION 1.22 2018-03-21
--------------------------------------------------------------------------------------------------------------------------------------------------------------------------------------------------------

Timing Summary Report

------------------------------------------------------------------------------------------------
| Timer Settings
| --------------
------------------------------------------------------------------------------------------------

  Enable Multi Corner Analysis               :  Yes
  Enable Pessimism Removal                   :  Yes
  Pessimism Removal Resolution               :  Nearest Common Node
  Enable Input Delay Default Clock           :  No
  Enable Preset / Clear Arcs                 :  No
  Disable Flight Delays                      :  No
  Ignore I/O Paths                           :  No
  Timing Early Launch at Borrowing Latches   :  false

  Corner  Analyze    Analyze    
  Name    Max Paths  Min Paths  
  ------  ---------  ---------  
  Slow    Yes        Yes        
  Fast    Yes        Yes        



check_timing report

Table of Contents
-----------------
1. checking no_clock
2. checking constant_clock
3. checking pulse_width_clock
4. checking unconstrained_internal_endpoints
5. checking no_input_delay
6. checking no_output_delay
7. checking multiple_clock
8. checking generated_clocks
9. checking loops
10. checking partial_input_delay
11. checking partial_output_delay
12. checking latch_loops

1. checking no_clock
--------------------
 There are 36 register/latch pins with no clock driven by root clock pin: clk1000hz/reg_clock_reg/Q (HIGH)

 There are 115 register/latch pins with no clock driven by root clock pin: clk6p25m/reg_clock_reg/Q (HIGH)


2. checking constant_clock
--------------------------
 There are 0 register/latch pins with constant_clock.


3. checking pulse_width_clock
-----------------------------
 There are 0 register/latch pins which need pulse_width check


4. checking unconstrained_internal_endpoints
--------------------------------------------
 There are 327 pins that are not constrained for maximum delay. (HIGH)

 There are 0 pins that are not constrained for maximum delay due to constant clock.


5. checking no_input_delay
--------------------------
 There are 2 input ports with no input delay specified. (HIGH)

 There are 0 input ports with no input delay but user has a false path constraint.


6. checking no_output_delay
---------------------------
 There are 6 ports with no output delay specified. (HIGH)

 There are 0 ports with no output delay but user has a false path constraint

 There are 0 ports with no output delay but with a timing clock defined on it or propagating through it


7. checking multiple_clock
--------------------------
 There are 0 register/latch pins with multiple clocks.


8. checking generated_clocks
----------------------------
 There are 0 generated clocks that are not connected to a clock source.


9. checking loops
-----------------
 There are 0 combinational loops in the design.


10. checking partial_input_delay
--------------------------------
 There are 0 input ports with partial input delay specified.


11. checking partial_output_delay
---------------------------------
 There are 0 ports with partial output delay specified.


12. checking latch_loops
------------------------
 There are 0 combinational latch loops in the design through latch input



------------------------------------------------------------------------------------------------
| Design Timing Summary
| ---------------------
------------------------------------------------------------------------------------------------

    WNS(ns)      TNS(ns)  TNS Failing Endpoints  TNS Total Endpoints      WHS(ns)      THS(ns)  THS Failing Endpoints  THS Total Endpoints     WPWS(ns)     TPWS(ns)  TPWS Failing Endpoints  TPWS Total Endpoints  
    -------      -------  ---------------------  -------------------      -------      -------  ---------------------  -------------------     --------     --------  ----------------------  --------------------  
      5.419        0.000                      0                  130        0.101        0.000                      0                  130        4.500        0.000                       0                    71  


All user specified timing constraints are met.


------------------------------------------------------------------------------------------------
| Clock Summary
| -------------
------------------------------------------------------------------------------------------------

Clock        Waveform(ns)       Period(ns)      Frequency(MHz)
-----        ------------       ----------      --------------
sys_clk_pin  {0.000 5.000}      10.000          100.000         


------------------------------------------------------------------------------------------------
| Intra Clock Table
| -----------------
------------------------------------------------------------------------------------------------

Clock             WNS(ns)      TNS(ns)  TNS Failing Endpoints  TNS Total Endpoints      WHS(ns)      THS(ns)  THS Failing Endpoints  THS Total Endpoints     WPWS(ns)     TPWS(ns)  TPWS Failing Endpoints  TPWS Total Endpoints  
-----             -------      -------  ---------------------  -------------------      -------      -------  ---------------------  -------------------     --------     --------  ----------------------  --------------------  
sys_clk_pin         5.419        0.000                      0                  130        0.101        0.000                      0                  130        4.500        0.000                       0                    71  


------------------------------------------------------------------------------------------------
| Inter Clock Table
| -----------------
------------------------------------------------------------------------------------------------

From Clock    To Clock          WNS(ns)      TNS(ns)  TNS Failing Endpoints  TNS Total Endpoints      WHS(ns)      THS(ns)  THS Failing Endpoints  THS Total Endpoints  
----------    --------          -------      -------  ---------------------  -------------------      -------      -------  ---------------------  -------------------  


------------------------------------------------------------------------------------------------
| Other Path Groups Table
| -----------------------
------------------------------------------------------------------------------------------------

Path Group    From Clock    To Clock          WNS(ns)      TNS(ns)  TNS Failing Endpoints  TNS Total Endpoints      WHS(ns)      THS(ns)  THS Failing Endpoints  THS Total Endpoints  
----------    ----------    --------          -------      -------  ---------------------  -------------------      -------      -------  ---------------------  -------------------  


------------------------------------------------------------------------------------------------
| Timing Details
| --------------
------------------------------------------------------------------------------------------------


---------------------------------------------------------------------------------------------------
From Clock:  sys_clk_pin
  To Clock:  sys_clk_pin

Setup :            0  Failing Endpoints,  Worst Slack        5.419ns,  Total Violation        0.000ns
Hold  :            0  Failing Endpoints,  Worst Slack        0.101ns,  Total Violation        0.000ns
PW    :            0  Failing Endpoints,  Worst Slack        4.500ns,  Total Violation        0.000ns
---------------------------------------------------------------------------------------------------


Max Delay Paths
--------------------------------------------------------------------------------------
Slack (MET) :             5.419ns  (required time - arrival time)
  Source:                 clk1000hz/count_reg[3]/C
                            (rising edge-triggered cell FDRE clocked by sys_clk_pin  {rise@0.000ns fall@5.000ns period=10.000ns})
  Destination:            clk1000hz/count_reg[28]/R
                            (rising edge-triggered cell FDRE clocked by sys_clk_pin  {rise@0.000ns fall@5.000ns period=10.000ns})
  Path Group:             sys_clk_pin
  Path Type:              Setup (Max at Slow Process Corner)
  Requirement:            10.000ns  (sys_clk_pin rise@10.000ns - sys_clk_pin rise@0.000ns)
  Data Path Delay:        4.094ns  (logic 0.704ns (17.195%)  route 3.390ns (82.805%))
  Logic Levels:           2  (LUT6=2)
  Clock Path Skew:        -0.022ns (DCD - SCD + CPR)
    Destination Clock Delay (DCD):    4.786ns = ( 14.786 - 10.000 ) 
    Source Clock Delay      (SCD):    5.083ns
    Clock Pessimism Removal (CPR):    0.275ns
  Clock Uncertainty:      0.035ns  ((TSJ^2 + TIJ^2)^1/2 + DJ) / 2 + PE
    Total System Jitter     (TSJ):    0.071ns
    Total Input Jitter      (TIJ):    0.000ns
    Discrete Jitter          (DJ):    0.000ns
    Phase Error              (PE):    0.000ns

    Location             Delay type                Incr(ns)  Path(ns)    Netlist Resource(s)
  -------------------------------------------------------------------    -------------------
                         (clock sys_clk_pin rise edge)
                                                      0.000     0.000 r  
    W5                                                0.000     0.000 r  CLOCK (IN)
                         net (fo=0)                   0.000     0.000    CLOCK
    W5                   IBUF (Prop_ibuf_I_O)         1.458     1.458 r  CLOCK_IBUF_inst/O
                         net (fo=1, routed)           1.967     3.425    CLOCK_IBUF
    BUFGCTRL_X0Y1        BUFG (Prop_bufg_I_O)         0.096     3.521 r  CLOCK_IBUF_BUFG_inst/O
                         net (fo=70, routed)          1.562     5.083    clk1000hz/CLOCK_IBUF_BUFG
    SLICE_X35Y40         FDRE                                         r  clk1000hz/count_reg[3]/C
  -------------------------------------------------------------------    -------------------
    SLICE_X35Y40         FDRE (Prop_fdre_C_Q)         0.456     5.539 r  clk1000hz/count_reg[3]/Q
                         net (fo=2, routed)           0.833     6.373    clk1000hz/count_reg[3]
    SLICE_X34Y41         LUT6 (Prop_lut6_I3_O)        0.124     6.497 r  clk1000hz/count[0]_i_4/O
                         net (fo=1, routed)           1.011     7.507    clk1000hz/count[0]_i_4_n_0
    SLICE_X34Y42         LUT6 (Prop_lut6_I1_O)        0.124     7.631 r  clk1000hz/count[0]_i_1/O
                         net (fo=33, routed)          1.546     9.177    clk1000hz/clear
    SLICE_X35Y47         FDRE                                         r  clk1000hz/count_reg[28]/R
  -------------------------------------------------------------------    -------------------

                         (clock sys_clk_pin rise edge)
                                                     10.000    10.000 r  
    W5                                                0.000    10.000 r  CLOCK (IN)
                         net (fo=0)                   0.000    10.000    CLOCK
    W5                   IBUF (Prop_ibuf_I_O)         1.388    11.388 r  CLOCK_IBUF_inst/O
                         net (fo=1, routed)           1.862    13.250    CLOCK_IBUF
    BUFGCTRL_X0Y1        BUFG (Prop_bufg_I_O)         0.091    13.341 r  CLOCK_IBUF_BUFG_inst/O
                         net (fo=70, routed)          1.445    14.786    clk1000hz/CLOCK_IBUF_BUFG
    SLICE_X35Y47         FDRE                                         r  clk1000hz/count_reg[28]/C
                         clock pessimism              0.275    15.061    
                         clock uncertainty           -0.035    15.026    
    SLICE_X35Y47         FDRE (Setup_fdre_C_R)       -0.429    14.597    clk1000hz/count_reg[28]
  -------------------------------------------------------------------
                         required time                         14.597    
                         arrival time                          -9.177    
  -------------------------------------------------------------------
                         slack                                  5.419    

Slack (MET) :             5.419ns  (required time - arrival time)
  Source:                 clk1000hz/count_reg[3]/C
                            (rising edge-triggered cell FDRE clocked by sys_clk_pin  {rise@0.000ns fall@5.000ns period=10.000ns})
  Destination:            clk1000hz/count_reg[29]/R
                            (rising edge-triggered cell FDRE clocked by sys_clk_pin  {rise@0.000ns fall@5.000ns period=10.000ns})
  Path Group:             sys_clk_pin
  Path Type:              Setup (Max at Slow Process Corner)
  Requirement:            10.000ns  (sys_clk_pin rise@10.000ns - sys_clk_pin rise@0.000ns)
  Data Path Delay:        4.094ns  (logic 0.704ns (17.195%)  route 3.390ns (82.805%))
  Logic Levels:           2  (LUT6=2)
  Clock Path Skew:        -0.022ns (DCD - SCD + CPR)
    Destination Clock Delay (DCD):    4.786ns = ( 14.786 - 10.000 ) 
    Source Clock Delay      (SCD):    5.083ns
    Clock Pessimism Removal (CPR):    0.275ns
  Clock Uncertainty:      0.035ns  ((TSJ^2 + TIJ^2)^1/2 + DJ) / 2 + PE
    Total System Jitter     (TSJ):    0.071ns
    Total Input Jitter      (TIJ):    0.000ns
    Discrete Jitter          (DJ):    0.000ns
    Phase Error              (PE):    0.000ns

    Location             Delay type                Incr(ns)  Path(ns)    Netlist Resource(s)
  -------------------------------------------------------------------    -------------------
                         (clock sys_clk_pin rise edge)
                                                      0.000     0.000 r  
    W5                                                0.000     0.000 r  CLOCK (IN)
                         net (fo=0)                   0.000     0.000    CLOCK
    W5                   IBUF (Prop_ibuf_I_O)         1.458     1.458 r  CLOCK_IBUF_inst/O
                         net (fo=1, routed)           1.967     3.425    CLOCK_IBUF
    BUFGCTRL_X0Y1        BUFG (Prop_bufg_I_O)         0.096     3.521 r  CLOCK_IBUF_BUFG_inst/O
                         net (fo=70, routed)          1.562     5.083    clk1000hz/CLOCK_IBUF_BUFG
    SLICE_X35Y40         FDRE                                         r  clk1000hz/count_reg[3]/C
  -------------------------------------------------------------------    -------------------
    SLICE_X35Y40         FDRE (Prop_fdre_C_Q)         0.456     5.539 r  clk1000hz/count_reg[3]/Q
                         net (fo=2, routed)           0.833     6.373    clk1000hz/count_reg[3]
    SLICE_X34Y41         LUT6 (Prop_lut6_I3_O)        0.124     6.497 r  clk1000hz/count[0]_i_4/O
                         net (fo=1, routed)           1.011     7.507    clk1000hz/count[0]_i_4_n_0
    SLICE_X34Y42         LUT6 (Prop_lut6_I1_O)        0.124     7.631 r  clk1000hz/count[0]_i_1/O
                         net (fo=33, routed)          1.546     9.177    clk1000hz/clear
    SLICE_X35Y47         FDRE                                         r  clk1000hz/count_reg[29]/R
  -------------------------------------------------------------------    -------------------

                         (clock sys_clk_pin rise edge)
                                                     10.000    10.000 r  
    W5                                                0.000    10.000 r  CLOCK (IN)
                         net (fo=0)                   0.000    10.000    CLOCK
    W5                   IBUF (Prop_ibuf_I_O)         1.388    11.388 r  CLOCK_IBUF_inst/O
                         net (fo=1, routed)           1.862    13.250    CLOCK_IBUF
    BUFGCTRL_X0Y1        BUFG (Prop_bufg_I_O)         0.091    13.341 r  CLOCK_IBUF_BUFG_inst/O
                         net (fo=70, routed)          1.445    14.786    clk1000hz/CLOCK_IBUF_BUFG
    SLICE_X35Y47         FDRE                                         r  clk1000hz/count_reg[29]/C
                         clock pessimism              0.275    15.061    
                         clock uncertainty           -0.035    15.026    
    SLICE_X35Y47         FDRE (Setup_fdre_C_R)       -0.429    14.597    clk1000hz/count_reg[29]
  -------------------------------------------------------------------
                         required time                         14.597    
                         arrival time                          -9.177    
  -------------------------------------------------------------------
                         slack                                  5.419    

Slack (MET) :             5.419ns  (required time - arrival time)
  Source:                 clk1000hz/count_reg[3]/C
                            (rising edge-triggered cell FDRE clocked by sys_clk_pin  {rise@0.000ns fall@5.000ns period=10.000ns})
  Destination:            clk1000hz/count_reg[30]/R
                            (rising edge-triggered cell FDRE clocked by sys_clk_pin  {rise@0.000ns fall@5.000ns period=10.000ns})
  Path Group:             sys_clk_pin
  Path Type:              Setup (Max at Slow Process Corner)
  Requirement:            10.000ns  (sys_clk_pin rise@10.000ns - sys_clk_pin rise@0.000ns)
  Data Path Delay:        4.094ns  (logic 0.704ns (17.195%)  route 3.390ns (82.805%))
  Logic Levels:           2  (LUT6=2)
  Clock Path Skew:        -0.022ns (DCD - SCD + CPR)
    Destination Clock Delay (DCD):    4.786ns = ( 14.786 - 10.000 ) 
    Source Clock Delay      (SCD):    5.083ns
    Clock Pessimism Removal (CPR):    0.275ns
  Clock Uncertainty:      0.035ns  ((TSJ^2 + TIJ^2)^1/2 + DJ) / 2 + PE
    Total System Jitter     (TSJ):    0.071ns
    Total Input Jitter      (TIJ):    0.000ns
    Discrete Jitter          (DJ):    0.000ns
    Phase Error              (PE):    0.000ns

    Location             Delay type                Incr(ns)  Path(ns)    Netlist Resource(s)
  -------------------------------------------------------------------    -------------------
                         (clock sys_clk_pin rise edge)
                                                      0.000     0.000 r  
    W5                                                0.000     0.000 r  CLOCK (IN)
                         net (fo=0)                   0.000     0.000    CLOCK
    W5                   IBUF (Prop_ibuf_I_O)         1.458     1.458 r  CLOCK_IBUF_inst/O
                         net (fo=1, routed)           1.967     3.425    CLOCK_IBUF
    BUFGCTRL_X0Y1        BUFG (Prop_bufg_I_O)         0.096     3.521 r  CLOCK_IBUF_BUFG_inst/O
                         net (fo=70, routed)          1.562     5.083    clk1000hz/CLOCK_IBUF_BUFG
    SLICE_X35Y40         FDRE                                         r  clk1000hz/count_reg[3]/C
  -------------------------------------------------------------------    -------------------
    SLICE_X35Y40         FDRE (Prop_fdre_C_Q)         0.456     5.539 r  clk1000hz/count_reg[3]/Q
                         net (fo=2, routed)           0.833     6.373    clk1000hz/count_reg[3]
    SLICE_X34Y41         LUT6 (Prop_lut6_I3_O)        0.124     6.497 r  clk1000hz/count[0]_i_4/O
                         net (fo=1, routed)           1.011     7.507    clk1000hz/count[0]_i_4_n_0
    SLICE_X34Y42         LUT6 (Prop_lut6_I1_O)        0.124     7.631 r  clk1000hz/count[0]_i_1/O
                         net (fo=33, routed)          1.546     9.177    clk1000hz/clear
    SLICE_X35Y47         FDRE                                         r  clk1000hz/count_reg[30]/R
  -------------------------------------------------------------------    -------------------

                         (clock sys_clk_pin rise edge)
                                                     10.000    10.000 r  
    W5                                                0.000    10.000 r  CLOCK (IN)
                         net (fo=0)                   0.000    10.000    CLOCK
    W5                   IBUF (Prop_ibuf_I_O)         1.388    11.388 r  CLOCK_IBUF_inst/O
                         net (fo=1, routed)           1.862    13.250    CLOCK_IBUF
    BUFGCTRL_X0Y1        BUFG (Prop_bufg_I_O)         0.091    13.341 r  CLOCK_IBUF_BUFG_inst/O
                         net (fo=70, routed)          1.445    14.786    clk1000hz/CLOCK_IBUF_BUFG
    SLICE_X35Y47         FDRE                                         r  clk1000hz/count_reg[30]/C
                         clock pessimism              0.275    15.061    
                         clock uncertainty           -0.035    15.026    
    SLICE_X35Y47         FDRE (Setup_fdre_C_R)       -0.429    14.597    clk1000hz/count_reg[30]
  -------------------------------------------------------------------
                         required time                         14.597    
                         arrival time                          -9.177    
  -------------------------------------------------------------------
                         slack                                  5.419    

Slack (MET) :             5.419ns  (required time - arrival time)
  Source:                 clk1000hz/count_reg[3]/C
                            (rising edge-triggered cell FDRE clocked by sys_clk_pin  {rise@0.000ns fall@5.000ns period=10.000ns})
  Destination:            clk1000hz/count_reg[31]/R
                            (rising edge-triggered cell FDRE clocked by sys_clk_pin  {rise@0.000ns fall@5.000ns period=10.000ns})
  Path Group:             sys_clk_pin
  Path Type:              Setup (Max at Slow Process Corner)
  Requirement:            10.000ns  (sys_clk_pin rise@10.000ns - sys_clk_pin rise@0.000ns)
  Data Path Delay:        4.094ns  (logic 0.704ns (17.195%)  route 3.390ns (82.805%))
  Logic Levels:           2  (LUT6=2)
  Clock Path Skew:        -0.022ns (DCD - SCD + CPR)
    Destination Clock Delay (DCD):    4.786ns = ( 14.786 - 10.000 ) 
    Source Clock Delay      (SCD):    5.083ns
    Clock Pessimism Removal (CPR):    0.275ns
  Clock Uncertainty:      0.035ns  ((TSJ^2 + TIJ^2)^1/2 + DJ) / 2 + PE
    Total System Jitter     (TSJ):    0.071ns
    Total Input Jitter      (TIJ):    0.000ns
    Discrete Jitter          (DJ):    0.000ns
    Phase Error              (PE):    0.000ns

    Location             Delay type                Incr(ns)  Path(ns)    Netlist Resource(s)
  -------------------------------------------------------------------    -------------------
                         (clock sys_clk_pin rise edge)
                                                      0.000     0.000 r  
    W5                                                0.000     0.000 r  CLOCK (IN)
                         net (fo=0)                   0.000     0.000    CLOCK
    W5                   IBUF (Prop_ibuf_I_O)         1.458     1.458 r  CLOCK_IBUF_inst/O
                         net (fo=1, routed)           1.967     3.425    CLOCK_IBUF
    BUFGCTRL_X0Y1        BUFG (Prop_bufg_I_O)         0.096     3.521 r  CLOCK_IBUF_BUFG_inst/O
                         net (fo=70, routed)          1.562     5.083    clk1000hz/CLOCK_IBUF_BUFG
    SLICE_X35Y40         FDRE                                         r  clk1000hz/count_reg[3]/C
  -------------------------------------------------------------------    -------------------
    SLICE_X35Y40         FDRE (Prop_fdre_C_Q)         0.456     5.539 r  clk1000hz/count_reg[3]/Q
                         net (fo=2, routed)           0.833     6.373    clk1000hz/count_reg[3]
    SLICE_X34Y41         LUT6 (Prop_lut6_I3_O)        0.124     6.497 r  clk1000hz/count[0]_i_4/O
                         net (fo=1, routed)           1.011     7.507    clk1000hz/count[0]_i_4_n_0
    SLICE_X34Y42         LUT6 (Prop_lut6_I1_O)        0.124     7.631 r  clk1000hz/count[0]_i_1/O
                         net (fo=33, routed)          1.546     9.177    clk1000hz/clear
    SLICE_X35Y47         FDRE                                         r  clk1000hz/count_reg[31]/R
  -------------------------------------------------------------------    -------------------

                         (clock sys_clk_pin rise edge)
                                                     10.000    10.000 r  
    W5                                                0.000    10.000 r  CLOCK (IN)
                         net (fo=0)                   0.000    10.000    CLOCK
    W5                   IBUF (Prop_ibuf_I_O)         1.388    11.388 r  CLOCK_IBUF_inst/O
                         net (fo=1, routed)           1.862    13.250    CLOCK_IBUF
    BUFGCTRL_X0Y1        BUFG (Prop_bufg_I_O)         0.091    13.341 r  CLOCK_IBUF_BUFG_inst/O
                         net (fo=70, routed)          1.445    14.786    clk1000hz/CLOCK_IBUF_BUFG
    SLICE_X35Y47         FDRE                                         r  clk1000hz/count_reg[31]/C
                         clock pessimism              0.275    15.061    
                         clock uncertainty           -0.035    15.026    
    SLICE_X35Y47         FDRE (Setup_fdre_C_R)       -0.429    14.597    clk1000hz/count_reg[31]
  -------------------------------------------------------------------
                         required time                         14.597    
                         arrival time                          -9.177    
  -------------------------------------------------------------------
                         slack                                  5.419    

Slack (MET) :             5.557ns  (required time - arrival time)
  Source:                 clk1000hz/count_reg[3]/C
                            (rising edge-triggered cell FDRE clocked by sys_clk_pin  {rise@0.000ns fall@5.000ns period=10.000ns})
  Destination:            clk1000hz/count_reg[24]/R
                            (rising edge-triggered cell FDRE clocked by sys_clk_pin  {rise@0.000ns fall@5.000ns period=10.000ns})
  Path Group:             sys_clk_pin
  Path Type:              Setup (Max at Slow Process Corner)
  Requirement:            10.000ns  (sys_clk_pin rise@10.000ns - sys_clk_pin rise@0.000ns)
  Data Path Delay:        3.956ns  (logic 0.704ns (17.797%)  route 3.252ns (82.203%))
  Logic Levels:           2  (LUT6=2)
  Clock Path Skew:        -0.023ns (DCD - SCD + CPR)
    Destination Clock Delay (DCD):    4.785ns = ( 14.785 - 10.000 ) 
    Source Clock Delay      (SCD):    5.083ns
    Clock Pessimism Removal (CPR):    0.275ns
  Clock Uncertainty:      0.035ns  ((TSJ^2 + TIJ^2)^1/2 + DJ) / 2 + PE
    Total System Jitter     (TSJ):    0.071ns
    Total Input Jitter      (TIJ):    0.000ns
    Discrete Jitter          (DJ):    0.000ns
    Phase Error              (PE):    0.000ns

    Location             Delay type                Incr(ns)  Path(ns)    Netlist Resource(s)
  -------------------------------------------------------------------    -------------------
                         (clock sys_clk_pin rise edge)
                                                      0.000     0.000 r  
    W5                                                0.000     0.000 r  CLOCK (IN)
                         net (fo=0)                   0.000     0.000    CLOCK
    W5                   IBUF (Prop_ibuf_I_O)         1.458     1.458 r  CLOCK_IBUF_inst/O
                         net (fo=1, routed)           1.967     3.425    CLOCK_IBUF
    BUFGCTRL_X0Y1        BUFG (Prop_bufg_I_O)         0.096     3.521 r  CLOCK_IBUF_BUFG_inst/O
                         net (fo=70, routed)          1.562     5.083    clk1000hz/CLOCK_IBUF_BUFG
    SLICE_X35Y40         FDRE                                         r  clk1000hz/count_reg[3]/C
  -------------------------------------------------------------------    -------------------
    SLICE_X35Y40         FDRE (Prop_fdre_C_Q)         0.456     5.539 r  clk1000hz/count_reg[3]/Q
                         net (fo=2, routed)           0.833     6.373    clk1000hz/count_reg[3]
    SLICE_X34Y41         LUT6 (Prop_lut6_I3_O)        0.124     6.497 r  clk1000hz/count[0]_i_4/O
                         net (fo=1, routed)           1.011     7.507    clk1000hz/count[0]_i_4_n_0
    SLICE_X34Y42         LUT6 (Prop_lut6_I1_O)        0.124     7.631 r  clk1000hz/count[0]_i_1/O
                         net (fo=33, routed)          1.408     9.039    clk1000hz/clear
    SLICE_X35Y46         FDRE                                         r  clk1000hz/count_reg[24]/R
  -------------------------------------------------------------------    -------------------

                         (clock sys_clk_pin rise edge)
                                                     10.000    10.000 r  
    W5                                                0.000    10.000 r  CLOCK (IN)
                         net (fo=0)                   0.000    10.000    CLOCK
    W5                   IBUF (Prop_ibuf_I_O)         1.388    11.388 r  CLOCK_IBUF_inst/O
                         net (fo=1, routed)           1.862    13.250    CLOCK_IBUF
    BUFGCTRL_X0Y1        BUFG (Prop_bufg_I_O)         0.091    13.341 r  CLOCK_IBUF_BUFG_inst/O
                         net (fo=70, routed)          1.444    14.785    clk1000hz/CLOCK_IBUF_BUFG
    SLICE_X35Y46         FDRE                                         r  clk1000hz/count_reg[24]/C
                         clock pessimism              0.275    15.060    
                         clock uncertainty           -0.035    15.025    
    SLICE_X35Y46         FDRE (Setup_fdre_C_R)       -0.429    14.596    clk1000hz/count_reg[24]
  -------------------------------------------------------------------
                         required time                         14.596    
                         arrival time                          -9.039    
  -------------------------------------------------------------------
                         slack                                  5.557    

Slack (MET) :             5.557ns  (required time - arrival time)
  Source:                 clk1000hz/count_reg[3]/C
                            (rising edge-triggered cell FDRE clocked by sys_clk_pin  {rise@0.000ns fall@5.000ns period=10.000ns})
  Destination:            clk1000hz/count_reg[25]/R
                            (rising edge-triggered cell FDRE clocked by sys_clk_pin  {rise@0.000ns fall@5.000ns period=10.000ns})
  Path Group:             sys_clk_pin
  Path Type:              Setup (Max at Slow Process Corner)
  Requirement:            10.000ns  (sys_clk_pin rise@10.000ns - sys_clk_pin rise@0.000ns)
  Data Path Delay:        3.956ns  (logic 0.704ns (17.797%)  route 3.252ns (82.203%))
  Logic Levels:           2  (LUT6=2)
  Clock Path Skew:        -0.023ns (DCD - SCD + CPR)
    Destination Clock Delay (DCD):    4.785ns = ( 14.785 - 10.000 ) 
    Source Clock Delay      (SCD):    5.083ns
    Clock Pessimism Removal (CPR):    0.275ns
  Clock Uncertainty:      0.035ns  ((TSJ^2 + TIJ^2)^1/2 + DJ) / 2 + PE
    Total System Jitter     (TSJ):    0.071ns
    Total Input Jitter      (TIJ):    0.000ns
    Discrete Jitter          (DJ):    0.000ns
    Phase Error              (PE):    0.000ns

    Location             Delay type                Incr(ns)  Path(ns)    Netlist Resource(s)
  -------------------------------------------------------------------    -------------------
                         (clock sys_clk_pin rise edge)
                                                      0.000     0.000 r  
    W5                                                0.000     0.000 r  CLOCK (IN)
                         net (fo=0)                   0.000     0.000    CLOCK
    W5                   IBUF (Prop_ibuf_I_O)         1.458     1.458 r  CLOCK_IBUF_inst/O
                         net (fo=1, routed)           1.967     3.425    CLOCK_IBUF
    BUFGCTRL_X0Y1        BUFG (Prop_bufg_I_O)         0.096     3.521 r  CLOCK_IBUF_BUFG_inst/O
                         net (fo=70, routed)          1.562     5.083    clk1000hz/CLOCK_IBUF_BUFG
    SLICE_X35Y40         FDRE                                         r  clk1000hz/count_reg[3]/C
  -------------------------------------------------------------------    -------------------
    SLICE_X35Y40         FDRE (Prop_fdre_C_Q)         0.456     5.539 r  clk1000hz/count_reg[3]/Q
                         net (fo=2, routed)           0.833     6.373    clk1000hz/count_reg[3]
    SLICE_X34Y41         LUT6 (Prop_lut6_I3_O)        0.124     6.497 r  clk1000hz/count[0]_i_4/O
                         net (fo=1, routed)           1.011     7.507    clk1000hz/count[0]_i_4_n_0
    SLICE_X34Y42         LUT6 (Prop_lut6_I1_O)        0.124     7.631 r  clk1000hz/count[0]_i_1/O
                         net (fo=33, routed)          1.408     9.039    clk1000hz/clear
    SLICE_X35Y46         FDRE                                         r  clk1000hz/count_reg[25]/R
  -------------------------------------------------------------------    -------------------

                         (clock sys_clk_pin rise edge)
                                                     10.000    10.000 r  
    W5                                                0.000    10.000 r  CLOCK (IN)
                         net (fo=0)                   0.000    10.000    CLOCK
    W5                   IBUF (Prop_ibuf_I_O)         1.388    11.388 r  CLOCK_IBUF_inst/O
                         net (fo=1, routed)           1.862    13.250    CLOCK_IBUF
    BUFGCTRL_X0Y1        BUFG (Prop_bufg_I_O)         0.091    13.341 r  CLOCK_IBUF_BUFG_inst/O
                         net (fo=70, routed)          1.444    14.785    clk1000hz/CLOCK_IBUF_BUFG
    SLICE_X35Y46         FDRE                                         r  clk1000hz/count_reg[25]/C
                         clock pessimism              0.275    15.060    
                         clock uncertainty           -0.035    15.025    
    SLICE_X35Y46         FDRE (Setup_fdre_C_R)       -0.429    14.596    clk1000hz/count_reg[25]
  -------------------------------------------------------------------
                         required time                         14.596    
                         arrival time                          -9.039    
  -------------------------------------------------------------------
                         slack                                  5.557    

Slack (MET) :             5.557ns  (required time - arrival time)
  Source:                 clk1000hz/count_reg[3]/C
                            (rising edge-triggered cell FDRE clocked by sys_clk_pin  {rise@0.000ns fall@5.000ns period=10.000ns})
  Destination:            clk1000hz/count_reg[26]/R
                            (rising edge-triggered cell FDRE clocked by sys_clk_pin  {rise@0.000ns fall@5.000ns period=10.000ns})
  Path Group:             sys_clk_pin
  Path Type:              Setup (Max at Slow Process Corner)
  Requirement:            10.000ns  (sys_clk_pin rise@10.000ns - sys_clk_pin rise@0.000ns)
  Data Path Delay:        3.956ns  (logic 0.704ns (17.797%)  route 3.252ns (82.203%))
  Logic Levels:           2  (LUT6=2)
  Clock Path Skew:        -0.023ns (DCD - SCD + CPR)
    Destination Clock Delay (DCD):    4.785ns = ( 14.785 - 10.000 ) 
    Source Clock Delay      (SCD):    5.083ns
    Clock Pessimism Removal (CPR):    0.275ns
  Clock Uncertainty:      0.035ns  ((TSJ^2 + TIJ^2)^1/2 + DJ) / 2 + PE
    Total System Jitter     (TSJ):    0.071ns
    Total Input Jitter      (TIJ):    0.000ns
    Discrete Jitter          (DJ):    0.000ns
    Phase Error              (PE):    0.000ns

    Location             Delay type                Incr(ns)  Path(ns)    Netlist Resource(s)
  -------------------------------------------------------------------    -------------------
                         (clock sys_clk_pin rise edge)
                                                      0.000     0.000 r  
    W5                                                0.000     0.000 r  CLOCK (IN)
                         net (fo=0)                   0.000     0.000    CLOCK
    W5                   IBUF (Prop_ibuf_I_O)         1.458     1.458 r  CLOCK_IBUF_inst/O
                         net (fo=1, routed)           1.967     3.425    CLOCK_IBUF
    BUFGCTRL_X0Y1        BUFG (Prop_bufg_I_O)         0.096     3.521 r  CLOCK_IBUF_BUFG_inst/O
                         net (fo=70, routed)          1.562     5.083    clk1000hz/CLOCK_IBUF_BUFG
    SLICE_X35Y40         FDRE                                         r  clk1000hz/count_reg[3]/C
  -------------------------------------------------------------------    -------------------
    SLICE_X35Y40         FDRE (Prop_fdre_C_Q)         0.456     5.539 r  clk1000hz/count_reg[3]/Q
                         net (fo=2, routed)           0.833     6.373    clk1000hz/count_reg[3]
    SLICE_X34Y41         LUT6 (Prop_lut6_I3_O)        0.124     6.497 r  clk1000hz/count[0]_i_4/O
                         net (fo=1, routed)           1.011     7.507    clk1000hz/count[0]_i_4_n_0
    SLICE_X34Y42         LUT6 (Prop_lut6_I1_O)        0.124     7.631 r  clk1000hz/count[0]_i_1/O
                         net (fo=33, routed)          1.408     9.039    clk1000hz/clear
    SLICE_X35Y46         FDRE                                         r  clk1000hz/count_reg[26]/R
  -------------------------------------------------------------------    -------------------

                         (clock sys_clk_pin rise edge)
                                                     10.000    10.000 r  
    W5                                                0.000    10.000 r  CLOCK (IN)
                         net (fo=0)                   0.000    10.000    CLOCK
    W5                   IBUF (Prop_ibuf_I_O)         1.388    11.388 r  CLOCK_IBUF_inst/O
                         net (fo=1, routed)           1.862    13.250    CLOCK_IBUF
    BUFGCTRL_X0Y1        BUFG (Prop_bufg_I_O)         0.091    13.341 r  CLOCK_IBUF_BUFG_inst/O
                         net (fo=70, routed)          1.444    14.785    clk1000hz/CLOCK_IBUF_BUFG
    SLICE_X35Y46         FDRE                                         r  clk1000hz/count_reg[26]/C
                         clock pessimism              0.275    15.060    
                         clock uncertainty           -0.035    15.025    
    SLICE_X35Y46         FDRE (Setup_fdre_C_R)       -0.429    14.596    clk1000hz/count_reg[26]
  -------------------------------------------------------------------
                         required time                         14.596    
                         arrival time                          -9.039    
  -------------------------------------------------------------------
                         slack                                  5.557    

Slack (MET) :             5.557ns  (required time - arrival time)
  Source:                 clk1000hz/count_reg[3]/C
                            (rising edge-triggered cell FDRE clocked by sys_clk_pin  {rise@0.000ns fall@5.000ns period=10.000ns})
  Destination:            clk1000hz/count_reg[27]/R
                            (rising edge-triggered cell FDRE clocked by sys_clk_pin  {rise@0.000ns fall@5.000ns period=10.000ns})
  Path Group:             sys_clk_pin
  Path Type:              Setup (Max at Slow Process Corner)
  Requirement:            10.000ns  (sys_clk_pin rise@10.000ns - sys_clk_pin rise@0.000ns)
  Data Path Delay:        3.956ns  (logic 0.704ns (17.797%)  route 3.252ns (82.203%))
  Logic Levels:           2  (LUT6=2)
  Clock Path Skew:        -0.023ns (DCD - SCD + CPR)
    Destination Clock Delay (DCD):    4.785ns = ( 14.785 - 10.000 ) 
    Source Clock Delay      (SCD):    5.083ns
    Clock Pessimism Removal (CPR):    0.275ns
  Clock Uncertainty:      0.035ns  ((TSJ^2 + TIJ^2)^1/2 + DJ) / 2 + PE
    Total System Jitter     (TSJ):    0.071ns
    Total Input Jitter      (TIJ):    0.000ns
    Discrete Jitter          (DJ):    0.000ns
    Phase Error              (PE):    0.000ns

    Location             Delay type                Incr(ns)  Path(ns)    Netlist Resource(s)
  -------------------------------------------------------------------    -------------------
                         (clock sys_clk_pin rise edge)
                                                      0.000     0.000 r  
    W5                                                0.000     0.000 r  CLOCK (IN)
                         net (fo=0)                   0.000     0.000    CLOCK
    W5                   IBUF (Prop_ibuf_I_O)         1.458     1.458 r  CLOCK_IBUF_inst/O
                         net (fo=1, routed)           1.967     3.425    CLOCK_IBUF
    BUFGCTRL_X0Y1        BUFG (Prop_bufg_I_O)         0.096     3.521 r  CLOCK_IBUF_BUFG_inst/O
                         net (fo=70, routed)          1.562     5.083    clk1000hz/CLOCK_IBUF_BUFG
    SLICE_X35Y40         FDRE                                         r  clk1000hz/count_reg[3]/C
  -------------------------------------------------------------------    -------------------
    SLICE_X35Y40         FDRE (Prop_fdre_C_Q)         0.456     5.539 r  clk1000hz/count_reg[3]/Q
                         net (fo=2, routed)           0.833     6.373    clk1000hz/count_reg[3]
    SLICE_X34Y41         LUT6 (Prop_lut6_I3_O)        0.124     6.497 r  clk1000hz/count[0]_i_4/O
                         net (fo=1, routed)           1.011     7.507    clk1000hz/count[0]_i_4_n_0
    SLICE_X34Y42         LUT6 (Prop_lut6_I1_O)        0.124     7.631 r  clk1000hz/count[0]_i_1/O
                         net (fo=33, routed)          1.408     9.039    clk1000hz/clear
    SLICE_X35Y46         FDRE                                         r  clk1000hz/count_reg[27]/R
  -------------------------------------------------------------------    -------------------

                         (clock sys_clk_pin rise edge)
                                                     10.000    10.000 r  
    W5                                                0.000    10.000 r  CLOCK (IN)
                         net (fo=0)                   0.000    10.000    CLOCK
    W5                   IBUF (Prop_ibuf_I_O)         1.388    11.388 r  CLOCK_IBUF_inst/O
                         net (fo=1, routed)           1.862    13.250    CLOCK_IBUF
    BUFGCTRL_X0Y1        BUFG (Prop_bufg_I_O)         0.091    13.341 r  CLOCK_IBUF_BUFG_inst/O
                         net (fo=70, routed)          1.444    14.785    clk1000hz/CLOCK_IBUF_BUFG
    SLICE_X35Y46         FDRE                                         r  clk1000hz/count_reg[27]/C
                         clock pessimism              0.275    15.060    
                         clock uncertainty           -0.035    15.025    
    SLICE_X35Y46         FDRE (Setup_fdre_C_R)       -0.429    14.596    clk1000hz/count_reg[27]
  -------------------------------------------------------------------
                         required time                         14.596    
                         arrival time                          -9.039    
  -------------------------------------------------------------------
                         slack                                  5.557    

Slack (MET) :             5.713ns  (required time - arrival time)
  Source:                 clk6p25m/count_reg[23]/C
                            (rising edge-triggered cell FDRE clocked by sys_clk_pin  {rise@0.000ns fall@5.000ns period=10.000ns})
  Destination:            clk6p25m/count_reg[24]/R
                            (rising edge-triggered cell FDRE clocked by sys_clk_pin  {rise@0.000ns fall@5.000ns period=10.000ns})
  Path Group:             sys_clk_pin
  Path Type:              Setup (Max at Slow Process Corner)
  Requirement:            10.000ns  (sys_clk_pin rise@10.000ns - sys_clk_pin rise@0.000ns)
  Data Path Delay:        3.692ns  (logic 0.704ns (19.066%)  route 2.988ns (80.934%))
  Logic Levels:           2  (LUT6=2)
  Clock Path Skew:        -0.131ns (DCD - SCD + CPR)
    Destination Clock Delay (DCD):    4.777ns = ( 14.777 - 10.000 ) 
    Source Clock Delay      (SCD):    5.087ns
    Clock Pessimism Removal (CPR):    0.180ns
  Clock Uncertainty:      0.035ns  ((TSJ^2 + TIJ^2)^1/2 + DJ) / 2 + PE
    Total System Jitter     (TSJ):    0.071ns
    Total Input Jitter      (TIJ):    0.000ns
    Discrete Jitter          (DJ):    0.000ns
    Phase Error              (PE):    0.000ns

    Location             Delay type                Incr(ns)  Path(ns)    Netlist Resource(s)
  -------------------------------------------------------------------    -------------------
                         (clock sys_clk_pin rise edge)
                                                      0.000     0.000 r  
    W5                                                0.000     0.000 r  CLOCK (IN)
                         net (fo=0)                   0.000     0.000    CLOCK
    W5                   IBUF (Prop_ibuf_I_O)         1.458     1.458 r  CLOCK_IBUF_inst/O
                         net (fo=1, routed)           1.967     3.425    CLOCK_IBUF
    BUFGCTRL_X0Y1        BUFG (Prop_bufg_I_O)         0.096     3.521 r  CLOCK_IBUF_BUFG_inst/O
                         net (fo=70, routed)          1.566     5.087    clk6p25m/CLOCK_IBUF_BUFG
    SLICE_X33Y49         FDRE                                         r  clk6p25m/count_reg[23]/C
  -------------------------------------------------------------------    -------------------
    SLICE_X33Y49         FDRE (Prop_fdre_C_Q)         0.456     5.543 f  clk6p25m/count_reg[23]/Q
                         net (fo=2, routed)           0.807     6.350    clk6p25m/count_reg[23]
    SLICE_X32Y49         LUT6 (Prop_lut6_I1_O)        0.124     6.474 r  clk6p25m/count[0]_i_7__0/O
                         net (fo=1, routed)           0.800     7.274    clk6p25m/count[0]_i_7__0_n_0
    SLICE_X32Y47         LUT6 (Prop_lut6_I4_O)        0.124     7.398 r  clk6p25m/count[0]_i_1__0/O
                         net (fo=33, routed)          1.382     8.780    clk6p25m/count[0]_i_1__0_n_0
    SLICE_X33Y50         FDRE                                         r  clk6p25m/count_reg[24]/R
  -------------------------------------------------------------------    -------------------

                         (clock sys_clk_pin rise edge)
                                                     10.000    10.000 r  
    W5                                                0.000    10.000 r  CLOCK (IN)
                         net (fo=0)                   0.000    10.000    CLOCK
    W5                   IBUF (Prop_ibuf_I_O)         1.388    11.388 r  CLOCK_IBUF_inst/O
                         net (fo=1, routed)           1.862    13.250    CLOCK_IBUF
    BUFGCTRL_X0Y1        BUFG (Prop_bufg_I_O)         0.091    13.341 r  CLOCK_IBUF_BUFG_inst/O
                         net (fo=70, routed)          1.436    14.777    clk6p25m/CLOCK_IBUF_BUFG
    SLICE_X33Y50         FDRE                                         r  clk6p25m/count_reg[24]/C
                         clock pessimism              0.180    14.957    
                         clock uncertainty           -0.035    14.921    
    SLICE_X33Y50         FDRE (Setup_fdre_C_R)       -0.429    14.492    clk6p25m/count_reg[24]
  -------------------------------------------------------------------
                         required time                         14.492    
                         arrival time                          -8.780    
  -------------------------------------------------------------------
                         slack                                  5.713    

Slack (MET) :             5.713ns  (required time - arrival time)
  Source:                 clk6p25m/count_reg[23]/C
                            (rising edge-triggered cell FDRE clocked by sys_clk_pin  {rise@0.000ns fall@5.000ns period=10.000ns})
  Destination:            clk6p25m/count_reg[25]/R
                            (rising edge-triggered cell FDRE clocked by sys_clk_pin  {rise@0.000ns fall@5.000ns period=10.000ns})
  Path Group:             sys_clk_pin
  Path Type:              Setup (Max at Slow Process Corner)
  Requirement:            10.000ns  (sys_clk_pin rise@10.000ns - sys_clk_pin rise@0.000ns)
  Data Path Delay:        3.692ns  (logic 0.704ns (19.066%)  route 2.988ns (80.934%))
  Logic Levels:           2  (LUT6=2)
  Clock Path Skew:        -0.131ns (DCD - SCD + CPR)
    Destination Clock Delay (DCD):    4.777ns = ( 14.777 - 10.000 ) 
    Source Clock Delay      (SCD):    5.087ns
    Clock Pessimism Removal (CPR):    0.180ns
  Clock Uncertainty:      0.035ns  ((TSJ^2 + TIJ^2)^1/2 + DJ) / 2 + PE
    Total System Jitter     (TSJ):    0.071ns
    Total Input Jitter      (TIJ):    0.000ns
    Discrete Jitter          (DJ):    0.000ns
    Phase Error              (PE):    0.000ns

    Location             Delay type                Incr(ns)  Path(ns)    Netlist Resource(s)
  -------------------------------------------------------------------    -------------------
                         (clock sys_clk_pin rise edge)
                                                      0.000     0.000 r  
    W5                                                0.000     0.000 r  CLOCK (IN)
                         net (fo=0)                   0.000     0.000    CLOCK
    W5                   IBUF (Prop_ibuf_I_O)         1.458     1.458 r  CLOCK_IBUF_inst/O
                         net (fo=1, routed)           1.967     3.425    CLOCK_IBUF
    BUFGCTRL_X0Y1        BUFG (Prop_bufg_I_O)         0.096     3.521 r  CLOCK_IBUF_BUFG_inst/O
                         net (fo=70, routed)          1.566     5.087    clk6p25m/CLOCK_IBUF_BUFG
    SLICE_X33Y49         FDRE                                         r  clk6p25m/count_reg[23]/C
  -------------------------------------------------------------------    -------------------
    SLICE_X33Y49         FDRE (Prop_fdre_C_Q)         0.456     5.543 f  clk6p25m/count_reg[23]/Q
                         net (fo=2, routed)           0.807     6.350    clk6p25m/count_reg[23]
    SLICE_X32Y49         LUT6 (Prop_lut6_I1_O)        0.124     6.474 r  clk6p25m/count[0]_i_7__0/O
                         net (fo=1, routed)           0.800     7.274    clk6p25m/count[0]_i_7__0_n_0
    SLICE_X32Y47         LUT6 (Prop_lut6_I4_O)        0.124     7.398 r  clk6p25m/count[0]_i_1__0/O
                         net (fo=33, routed)          1.382     8.780    clk6p25m/count[0]_i_1__0_n_0
    SLICE_X33Y50         FDRE                                         r  clk6p25m/count_reg[25]/R
  -------------------------------------------------------------------    -------------------

                         (clock sys_clk_pin rise edge)
                                                     10.000    10.000 r  
    W5                                                0.000    10.000 r  CLOCK (IN)
                         net (fo=0)                   0.000    10.000    CLOCK
    W5                   IBUF (Prop_ibuf_I_O)         1.388    11.388 r  CLOCK_IBUF_inst/O
                         net (fo=1, routed)           1.862    13.250    CLOCK_IBUF
    BUFGCTRL_X0Y1        BUFG (Prop_bufg_I_O)         0.091    13.341 r  CLOCK_IBUF_BUFG_inst/O
                         net (fo=70, routed)          1.436    14.777    clk6p25m/CLOCK_IBUF_BUFG
    SLICE_X33Y50         FDRE                                         r  clk6p25m/count_reg[25]/C
                         clock pessimism              0.180    14.957    
                         clock uncertainty           -0.035    14.921    
    SLICE_X33Y50         FDRE (Setup_fdre_C_R)       -0.429    14.492    clk6p25m/count_reg[25]
  -------------------------------------------------------------------
                         required time                         14.492    
                         arrival time                          -8.780    
  -------------------------------------------------------------------
                         slack                                  5.713    





Min Delay Paths
--------------------------------------------------------------------------------------
Slack (MET) :             0.101ns  (arrival time - required time)
  Source:                 clk6p25m/count_reg[23]/C
                            (rising edge-triggered cell FDRE clocked by sys_clk_pin  {rise@0.000ns fall@5.000ns period=10.000ns})
  Destination:            clk6p25m/count_reg[24]/D
                            (rising edge-triggered cell FDRE clocked by sys_clk_pin  {rise@0.000ns fall@5.000ns period=10.000ns})
  Path Group:             sys_clk_pin
  Path Type:              Hold (Min at Fast Process Corner)
  Requirement:            0.000ns  (sys_clk_pin rise@0.000ns - sys_clk_pin rise@0.000ns)
  Data Path Delay:        0.473ns  (logic 0.355ns (75.068%)  route 0.118ns (24.932%))
  Logic Levels:           2  (CARRY4=2)
  Clock Path Skew:        0.267ns (DCD - SCD - CPR)
    Destination Clock Delay (DCD):    1.958ns
    Source Clock Delay      (SCD):    1.447ns
    Clock Pessimism Removal (CPR):    0.244ns

    Location             Delay type                Incr(ns)  Path(ns)    Netlist Resource(s)
  -------------------------------------------------------------------    -------------------
                         (clock sys_clk_pin rise edge)
                                                      0.000     0.000 r  
    W5                                                0.000     0.000 r  CLOCK (IN)
                         net (fo=0)                   0.000     0.000    CLOCK
    W5                   IBUF (Prop_ibuf_I_O)         0.226     0.226 r  CLOCK_IBUF_inst/O
                         net (fo=1, routed)           0.631     0.858    CLOCK_IBUF
    BUFGCTRL_X0Y1        BUFG (Prop_bufg_I_O)         0.026     0.884 r  CLOCK_IBUF_BUFG_inst/O
                         net (fo=70, routed)          0.564     1.447    clk6p25m/CLOCK_IBUF_BUFG
    SLICE_X33Y49         FDRE                                         r  clk6p25m/count_reg[23]/C
  -------------------------------------------------------------------    -------------------
    SLICE_X33Y49         FDRE (Prop_fdre_C_Q)         0.141     1.588 r  clk6p25m/count_reg[23]/Q
                         net (fo=2, routed)           0.117     1.705    clk6p25m/count_reg[23]
    SLICE_X33Y49         CARRY4 (Prop_carry4_S[3]_CO[3])
                                                      0.160     1.865 r  clk6p25m/count_reg[20]_i_1__0/CO[3]
                         net (fo=1, routed)           0.001     1.866    clk6p25m/count_reg[20]_i_1__0_n_0
    SLICE_X33Y50         CARRY4 (Prop_carry4_CI_O[0])
                                                      0.054     1.920 r  clk6p25m/count_reg[24]_i_1__0/O[0]
                         net (fo=1, routed)           0.000     1.920    clk6p25m/count_reg[24]_i_1__0_n_7
    SLICE_X33Y50         FDRE                                         r  clk6p25m/count_reg[24]/D
  -------------------------------------------------------------------    -------------------

                         (clock sys_clk_pin rise edge)
                                                      0.000     0.000 r  
    W5                                                0.000     0.000 r  CLOCK (IN)
                         net (fo=0)                   0.000     0.000    CLOCK
    W5                   IBUF (Prop_ibuf_I_O)         0.414     0.414 r  CLOCK_IBUF_inst/O
                         net (fo=1, routed)           0.685     1.099    CLOCK_IBUF
    BUFGCTRL_X0Y1        BUFG (Prop_bufg_I_O)         0.029     1.128 r  CLOCK_IBUF_BUFG_inst/O
                         net (fo=70, routed)          0.830     1.958    clk6p25m/CLOCK_IBUF_BUFG
    SLICE_X33Y50         FDRE                                         r  clk6p25m/count_reg[24]/C
                         clock pessimism             -0.244     1.714    
    SLICE_X33Y50         FDRE (Hold_fdre_C_D)         0.105     1.819    clk6p25m/count_reg[24]
  -------------------------------------------------------------------
                         required time                         -1.819    
                         arrival time                           1.920    
  -------------------------------------------------------------------
                         slack                                  0.101    

Slack (MET) :             0.112ns  (arrival time - required time)
  Source:                 clk6p25m/count_reg[23]/C
                            (rising edge-triggered cell FDRE clocked by sys_clk_pin  {rise@0.000ns fall@5.000ns period=10.000ns})
  Destination:            clk6p25m/count_reg[26]/D
                            (rising edge-triggered cell FDRE clocked by sys_clk_pin  {rise@0.000ns fall@5.000ns period=10.000ns})
  Path Group:             sys_clk_pin
  Path Type:              Hold (Min at Fast Process Corner)
  Requirement:            0.000ns  (sys_clk_pin rise@0.000ns - sys_clk_pin rise@0.000ns)
  Data Path Delay:        0.484ns  (logic 0.366ns (75.635%)  route 0.118ns (24.365%))
  Logic Levels:           2  (CARRY4=2)
  Clock Path Skew:        0.267ns (DCD - SCD - CPR)
    Destination Clock Delay (DCD):    1.958ns
    Source Clock Delay      (SCD):    1.447ns
    Clock Pessimism Removal (CPR):    0.244ns

    Location             Delay type                Incr(ns)  Path(ns)    Netlist Resource(s)
  -------------------------------------------------------------------    -------------------
                         (clock sys_clk_pin rise edge)
                                                      0.000     0.000 r  
    W5                                                0.000     0.000 r  CLOCK (IN)
                         net (fo=0)                   0.000     0.000    CLOCK
    W5                   IBUF (Prop_ibuf_I_O)         0.226     0.226 r  CLOCK_IBUF_inst/O
                         net (fo=1, routed)           0.631     0.858    CLOCK_IBUF
    BUFGCTRL_X0Y1        BUFG (Prop_bufg_I_O)         0.026     0.884 r  CLOCK_IBUF_BUFG_inst/O
                         net (fo=70, routed)          0.564     1.447    clk6p25m/CLOCK_IBUF_BUFG
    SLICE_X33Y49         FDRE                                         r  clk6p25m/count_reg[23]/C
  -------------------------------------------------------------------    -------------------
    SLICE_X33Y49         FDRE (Prop_fdre_C_Q)         0.141     1.588 r  clk6p25m/count_reg[23]/Q
                         net (fo=2, routed)           0.117     1.705    clk6p25m/count_reg[23]
    SLICE_X33Y49         CARRY4 (Prop_carry4_S[3]_CO[3])
                                                      0.160     1.865 r  clk6p25m/count_reg[20]_i_1__0/CO[3]
                         net (fo=1, routed)           0.001     1.866    clk6p25m/count_reg[20]_i_1__0_n_0
    SLICE_X33Y50         CARRY4 (Prop_carry4_CI_O[2])
                                                      0.065     1.931 r  clk6p25m/count_reg[24]_i_1__0/O[2]
                         net (fo=1, routed)           0.000     1.931    clk6p25m/count_reg[24]_i_1__0_n_5
    SLICE_X33Y50         FDRE                                         r  clk6p25m/count_reg[26]/D
  -------------------------------------------------------------------    -------------------

                         (clock sys_clk_pin rise edge)
                                                      0.000     0.000 r  
    W5                                                0.000     0.000 r  CLOCK (IN)
                         net (fo=0)                   0.000     0.000    CLOCK
    W5                   IBUF (Prop_ibuf_I_O)         0.414     0.414 r  CLOCK_IBUF_inst/O
                         net (fo=1, routed)           0.685     1.099    CLOCK_IBUF
    BUFGCTRL_X0Y1        BUFG (Prop_bufg_I_O)         0.029     1.128 r  CLOCK_IBUF_BUFG_inst/O
                         net (fo=70, routed)          0.830     1.958    clk6p25m/CLOCK_IBUF_BUFG
    SLICE_X33Y50         FDRE                                         r  clk6p25m/count_reg[26]/C
                         clock pessimism             -0.244     1.714    
    SLICE_X33Y50         FDRE (Hold_fdre_C_D)         0.105     1.819    clk6p25m/count_reg[26]
  -------------------------------------------------------------------
                         required time                         -1.819    
                         arrival time                           1.931    
  -------------------------------------------------------------------
                         slack                                  0.112    

Slack (MET) :             0.137ns  (arrival time - required time)
  Source:                 clk6p25m/count_reg[23]/C
                            (rising edge-triggered cell FDRE clocked by sys_clk_pin  {rise@0.000ns fall@5.000ns period=10.000ns})
  Destination:            clk6p25m/count_reg[25]/D
                            (rising edge-triggered cell FDRE clocked by sys_clk_pin  {rise@0.000ns fall@5.000ns period=10.000ns})
  Path Group:             sys_clk_pin
  Path Type:              Hold (Min at Fast Process Corner)
  Requirement:            0.000ns  (sys_clk_pin rise@0.000ns - sys_clk_pin rise@0.000ns)
  Data Path Delay:        0.509ns  (logic 0.391ns (76.832%)  route 0.118ns (23.168%))
  Logic Levels:           2  (CARRY4=2)
  Clock Path Skew:        0.267ns (DCD - SCD - CPR)
    Destination Clock Delay (DCD):    1.958ns
    Source Clock Delay      (SCD):    1.447ns
    Clock Pessimism Removal (CPR):    0.244ns

    Location             Delay type                Incr(ns)  Path(ns)    Netlist Resource(s)
  -------------------------------------------------------------------    -------------------
                         (clock sys_clk_pin rise edge)
                                                      0.000     0.000 r  
    W5                                                0.000     0.000 r  CLOCK (IN)
                         net (fo=0)                   0.000     0.000    CLOCK
    W5                   IBUF (Prop_ibuf_I_O)         0.226     0.226 r  CLOCK_IBUF_inst/O
                         net (fo=1, routed)           0.631     0.858    CLOCK_IBUF
    BUFGCTRL_X0Y1        BUFG (Prop_bufg_I_O)         0.026     0.884 r  CLOCK_IBUF_BUFG_inst/O
                         net (fo=70, routed)          0.564     1.447    clk6p25m/CLOCK_IBUF_BUFG
    SLICE_X33Y49         FDRE                                         r  clk6p25m/count_reg[23]/C
  -------------------------------------------------------------------    -------------------
    SLICE_X33Y49         FDRE (Prop_fdre_C_Q)         0.141     1.588 r  clk6p25m/count_reg[23]/Q
                         net (fo=2, routed)           0.117     1.705    clk6p25m/count_reg[23]
    SLICE_X33Y49         CARRY4 (Prop_carry4_S[3]_CO[3])
                                                      0.160     1.865 r  clk6p25m/count_reg[20]_i_1__0/CO[3]
                         net (fo=1, routed)           0.001     1.866    clk6p25m/count_reg[20]_i_1__0_n_0
    SLICE_X33Y50         CARRY4 (Prop_carry4_CI_O[1])
                                                      0.090     1.956 r  clk6p25m/count_reg[24]_i_1__0/O[1]
                         net (fo=1, routed)           0.000     1.956    clk6p25m/count_reg[24]_i_1__0_n_6
    SLICE_X33Y50         FDRE                                         r  clk6p25m/count_reg[25]/D
  -------------------------------------------------------------------    -------------------

                         (clock sys_clk_pin rise edge)
                                                      0.000     0.000 r  
    W5                                                0.000     0.000 r  CLOCK (IN)
                         net (fo=0)                   0.000     0.000    CLOCK
    W5                   IBUF (Prop_ibuf_I_O)         0.414     0.414 r  CLOCK_IBUF_inst/O
                         net (fo=1, routed)           0.685     1.099    CLOCK_IBUF
    BUFGCTRL_X0Y1        BUFG (Prop_bufg_I_O)         0.029     1.128 r  CLOCK_IBUF_BUFG_inst/O
                         net (fo=70, routed)          0.830     1.958    clk6p25m/CLOCK_IBUF_BUFG
    SLICE_X33Y50         FDRE                                         r  clk6p25m/count_reg[25]/C
                         clock pessimism             -0.244     1.714    
    SLICE_X33Y50         FDRE (Hold_fdre_C_D)         0.105     1.819    clk6p25m/count_reg[25]
  -------------------------------------------------------------------
                         required time                         -1.819    
                         arrival time                           1.956    
  -------------------------------------------------------------------
                         slack                                  0.137    

Slack (MET) :             0.137ns  (arrival time - required time)
  Source:                 clk6p25m/count_reg[23]/C
                            (rising edge-triggered cell FDRE clocked by sys_clk_pin  {rise@0.000ns fall@5.000ns period=10.000ns})
  Destination:            clk6p25m/count_reg[27]/D
                            (rising edge-triggered cell FDRE clocked by sys_clk_pin  {rise@0.000ns fall@5.000ns period=10.000ns})
  Path Group:             sys_clk_pin
  Path Type:              Hold (Min at Fast Process Corner)
  Requirement:            0.000ns  (sys_clk_pin rise@0.000ns - sys_clk_pin rise@0.000ns)
  Data Path Delay:        0.509ns  (logic 0.391ns (76.832%)  route 0.118ns (23.168%))
  Logic Levels:           2  (CARRY4=2)
  Clock Path Skew:        0.267ns (DCD - SCD - CPR)
    Destination Clock Delay (DCD):    1.958ns
    Source Clock Delay      (SCD):    1.447ns
    Clock Pessimism Removal (CPR):    0.244ns

    Location             Delay type                Incr(ns)  Path(ns)    Netlist Resource(s)
  -------------------------------------------------------------------    -------------------
                         (clock sys_clk_pin rise edge)
                                                      0.000     0.000 r  
    W5                                                0.000     0.000 r  CLOCK (IN)
                         net (fo=0)                   0.000     0.000    CLOCK
    W5                   IBUF (Prop_ibuf_I_O)         0.226     0.226 r  CLOCK_IBUF_inst/O
                         net (fo=1, routed)           0.631     0.858    CLOCK_IBUF
    BUFGCTRL_X0Y1        BUFG (Prop_bufg_I_O)         0.026     0.884 r  CLOCK_IBUF_BUFG_inst/O
                         net (fo=70, routed)          0.564     1.447    clk6p25m/CLOCK_IBUF_BUFG
    SLICE_X33Y49         FDRE                                         r  clk6p25m/count_reg[23]/C
  -------------------------------------------------------------------    -------------------
    SLICE_X33Y49         FDRE (Prop_fdre_C_Q)         0.141     1.588 r  clk6p25m/count_reg[23]/Q
                         net (fo=2, routed)           0.117     1.705    clk6p25m/count_reg[23]
    SLICE_X33Y49         CARRY4 (Prop_carry4_S[3]_CO[3])
                                                      0.160     1.865 r  clk6p25m/count_reg[20]_i_1__0/CO[3]
                         net (fo=1, routed)           0.001     1.866    clk6p25m/count_reg[20]_i_1__0_n_0
    SLICE_X33Y50         CARRY4 (Prop_carry4_CI_O[3])
                                                      0.090     1.956 r  clk6p25m/count_reg[24]_i_1__0/O[3]
                         net (fo=1, routed)           0.000     1.956    clk6p25m/count_reg[24]_i_1__0_n_4
    SLICE_X33Y50         FDRE                                         r  clk6p25m/count_reg[27]/D
  -------------------------------------------------------------------    -------------------

                         (clock sys_clk_pin rise edge)
                                                      0.000     0.000 r  
    W5                                                0.000     0.000 r  CLOCK (IN)
                         net (fo=0)                   0.000     0.000    CLOCK
    W5                   IBUF (Prop_ibuf_I_O)         0.414     0.414 r  CLOCK_IBUF_inst/O
                         net (fo=1, routed)           0.685     1.099    CLOCK_IBUF
    BUFGCTRL_X0Y1        BUFG (Prop_bufg_I_O)         0.029     1.128 r  CLOCK_IBUF_BUFG_inst/O
                         net (fo=70, routed)          0.830     1.958    clk6p25m/CLOCK_IBUF_BUFG
    SLICE_X33Y50         FDRE                                         r  clk6p25m/count_reg[27]/C
                         clock pessimism             -0.244     1.714    
    SLICE_X33Y50         FDRE (Hold_fdre_C_D)         0.105     1.819    clk6p25m/count_reg[27]
  -------------------------------------------------------------------
                         required time                         -1.819    
                         arrival time                           1.956    
  -------------------------------------------------------------------
                         slack                                  0.137    

Slack (MET) :             0.140ns  (arrival time - required time)
  Source:                 clk6p25m/count_reg[23]/C
                            (rising edge-triggered cell FDRE clocked by sys_clk_pin  {rise@0.000ns fall@5.000ns period=10.000ns})
  Destination:            clk6p25m/count_reg[28]/D
                            (rising edge-triggered cell FDRE clocked by sys_clk_pin  {rise@0.000ns fall@5.000ns period=10.000ns})
  Path Group:             sys_clk_pin
  Path Type:              Hold (Min at Fast Process Corner)
  Requirement:            0.000ns  (sys_clk_pin rise@0.000ns - sys_clk_pin rise@0.000ns)
  Data Path Delay:        0.512ns  (logic 0.394ns (76.968%)  route 0.118ns (23.032%))
  Logic Levels:           3  (CARRY4=3)
  Clock Path Skew:        0.267ns (DCD - SCD - CPR)
    Destination Clock Delay (DCD):    1.958ns
    Source Clock Delay      (SCD):    1.447ns
    Clock Pessimism Removal (CPR):    0.244ns

    Location             Delay type                Incr(ns)  Path(ns)    Netlist Resource(s)
  -------------------------------------------------------------------    -------------------
                         (clock sys_clk_pin rise edge)
                                                      0.000     0.000 r  
    W5                                                0.000     0.000 r  CLOCK (IN)
                         net (fo=0)                   0.000     0.000    CLOCK
    W5                   IBUF (Prop_ibuf_I_O)         0.226     0.226 r  CLOCK_IBUF_inst/O
                         net (fo=1, routed)           0.631     0.858    CLOCK_IBUF
    BUFGCTRL_X0Y1        BUFG (Prop_bufg_I_O)         0.026     0.884 r  CLOCK_IBUF_BUFG_inst/O
                         net (fo=70, routed)          0.564     1.447    clk6p25m/CLOCK_IBUF_BUFG
    SLICE_X33Y49         FDRE                                         r  clk6p25m/count_reg[23]/C
  -------------------------------------------------------------------    -------------------
    SLICE_X33Y49         FDRE (Prop_fdre_C_Q)         0.141     1.588 r  clk6p25m/count_reg[23]/Q
                         net (fo=2, routed)           0.117     1.705    clk6p25m/count_reg[23]
    SLICE_X33Y49         CARRY4 (Prop_carry4_S[3]_CO[3])
                                                      0.160     1.865 r  clk6p25m/count_reg[20]_i_1__0/CO[3]
                         net (fo=1, routed)           0.001     1.866    clk6p25m/count_reg[20]_i_1__0_n_0
    SLICE_X33Y50         CARRY4 (Prop_carry4_CI_CO[3])
                                                      0.039     1.905 r  clk6p25m/count_reg[24]_i_1__0/CO[3]
                         net (fo=1, routed)           0.000     1.905    clk6p25m/count_reg[24]_i_1__0_n_0
    SLICE_X33Y51         CARRY4 (Prop_carry4_CI_O[0])
                                                      0.054     1.959 r  clk6p25m/count_reg[28]_i_1__0/O[0]
                         net (fo=1, routed)           0.000     1.959    clk6p25m/count_reg[28]_i_1__0_n_7
    SLICE_X33Y51         FDRE                                         r  clk6p25m/count_reg[28]/D
  -------------------------------------------------------------------    -------------------

                         (clock sys_clk_pin rise edge)
                                                      0.000     0.000 r  
    W5                                                0.000     0.000 r  CLOCK (IN)
                         net (fo=0)                   0.000     0.000    CLOCK
    W5                   IBUF (Prop_ibuf_I_O)         0.414     0.414 r  CLOCK_IBUF_inst/O
                         net (fo=1, routed)           0.685     1.099    CLOCK_IBUF
    BUFGCTRL_X0Y1        BUFG (Prop_bufg_I_O)         0.029     1.128 r  CLOCK_IBUF_BUFG_inst/O
                         net (fo=70, routed)          0.830     1.958    clk6p25m/CLOCK_IBUF_BUFG
    SLICE_X33Y51         FDRE                                         r  clk6p25m/count_reg[28]/C
                         clock pessimism             -0.244     1.714    
    SLICE_X33Y51         FDRE (Hold_fdre_C_D)         0.105     1.819    clk6p25m/count_reg[28]
  -------------------------------------------------------------------
                         required time                         -1.819    
                         arrival time                           1.959    
  -------------------------------------------------------------------
                         slack                                  0.140    

Slack (MET) :             0.151ns  (arrival time - required time)
  Source:                 clk6p25m/count_reg[23]/C
                            (rising edge-triggered cell FDRE clocked by sys_clk_pin  {rise@0.000ns fall@5.000ns period=10.000ns})
  Destination:            clk6p25m/count_reg[30]/D
                            (rising edge-triggered cell FDRE clocked by sys_clk_pin  {rise@0.000ns fall@5.000ns period=10.000ns})
  Path Group:             sys_clk_pin
  Path Type:              Hold (Min at Fast Process Corner)
  Requirement:            0.000ns  (sys_clk_pin rise@0.000ns - sys_clk_pin rise@0.000ns)
  Data Path Delay:        0.523ns  (logic 0.405ns (77.452%)  route 0.118ns (22.548%))
  Logic Levels:           3  (CARRY4=3)
  Clock Path Skew:        0.267ns (DCD - SCD - CPR)
    Destination Clock Delay (DCD):    1.958ns
    Source Clock Delay      (SCD):    1.447ns
    Clock Pessimism Removal (CPR):    0.244ns

    Location             Delay type                Incr(ns)  Path(ns)    Netlist Resource(s)
  -------------------------------------------------------------------    -------------------
                         (clock sys_clk_pin rise edge)
                                                      0.000     0.000 r  
    W5                                                0.000     0.000 r  CLOCK (IN)
                         net (fo=0)                   0.000     0.000    CLOCK
    W5                   IBUF (Prop_ibuf_I_O)         0.226     0.226 r  CLOCK_IBUF_inst/O
                         net (fo=1, routed)           0.631     0.858    CLOCK_IBUF
    BUFGCTRL_X0Y1        BUFG (Prop_bufg_I_O)         0.026     0.884 r  CLOCK_IBUF_BUFG_inst/O
                         net (fo=70, routed)          0.564     1.447    clk6p25m/CLOCK_IBUF_BUFG
    SLICE_X33Y49         FDRE                                         r  clk6p25m/count_reg[23]/C
  -------------------------------------------------------------------    -------------------
    SLICE_X33Y49         FDRE (Prop_fdre_C_Q)         0.141     1.588 r  clk6p25m/count_reg[23]/Q
                         net (fo=2, routed)           0.117     1.705    clk6p25m/count_reg[23]
    SLICE_X33Y49         CARRY4 (Prop_carry4_S[3]_CO[3])
                                                      0.160     1.865 r  clk6p25m/count_reg[20]_i_1__0/CO[3]
                         net (fo=1, routed)           0.001     1.866    clk6p25m/count_reg[20]_i_1__0_n_0
    SLICE_X33Y50         CARRY4 (Prop_carry4_CI_CO[3])
                                                      0.039     1.905 r  clk6p25m/count_reg[24]_i_1__0/CO[3]
                         net (fo=1, routed)           0.000     1.905    clk6p25m/count_reg[24]_i_1__0_n_0
    SLICE_X33Y51         CARRY4 (Prop_carry4_CI_O[2])
                                                      0.065     1.970 r  clk6p25m/count_reg[28]_i_1__0/O[2]
                         net (fo=1, routed)           0.000     1.970    clk6p25m/count_reg[28]_i_1__0_n_5
    SLICE_X33Y51         FDRE                                         r  clk6p25m/count_reg[30]/D
  -------------------------------------------------------------------    -------------------

                         (clock sys_clk_pin rise edge)
                                                      0.000     0.000 r  
    W5                                                0.000     0.000 r  CLOCK (IN)
                         net (fo=0)                   0.000     0.000    CLOCK
    W5                   IBUF (Prop_ibuf_I_O)         0.414     0.414 r  CLOCK_IBUF_inst/O
                         net (fo=1, routed)           0.685     1.099    CLOCK_IBUF
    BUFGCTRL_X0Y1        BUFG (Prop_bufg_I_O)         0.029     1.128 r  CLOCK_IBUF_BUFG_inst/O
                         net (fo=70, routed)          0.830     1.958    clk6p25m/CLOCK_IBUF_BUFG
    SLICE_X33Y51         FDRE                                         r  clk6p25m/count_reg[30]/C
                         clock pessimism             -0.244     1.714    
    SLICE_X33Y51         FDRE (Hold_fdre_C_D)         0.105     1.819    clk6p25m/count_reg[30]
  -------------------------------------------------------------------
                         required time                         -1.819    
                         arrival time                           1.970    
  -------------------------------------------------------------------
                         slack                                  0.151    

Slack (MET) :             0.176ns  (arrival time - required time)
  Source:                 clk6p25m/count_reg[23]/C
                            (rising edge-triggered cell FDRE clocked by sys_clk_pin  {rise@0.000ns fall@5.000ns period=10.000ns})
  Destination:            clk6p25m/count_reg[29]/D
                            (rising edge-triggered cell FDRE clocked by sys_clk_pin  {rise@0.000ns fall@5.000ns period=10.000ns})
  Path Group:             sys_clk_pin
  Path Type:              Hold (Min at Fast Process Corner)
  Requirement:            0.000ns  (sys_clk_pin rise@0.000ns - sys_clk_pin rise@0.000ns)
  Data Path Delay:        0.548ns  (logic 0.430ns (78.481%)  route 0.118ns (21.519%))
  Logic Levels:           3  (CARRY4=3)
  Clock Path Skew:        0.267ns (DCD - SCD - CPR)
    Destination Clock Delay (DCD):    1.958ns
    Source Clock Delay      (SCD):    1.447ns
    Clock Pessimism Removal (CPR):    0.244ns

    Location             Delay type                Incr(ns)  Path(ns)    Netlist Resource(s)
  -------------------------------------------------------------------    -------------------
                         (clock sys_clk_pin rise edge)
                                                      0.000     0.000 r  
    W5                                                0.000     0.000 r  CLOCK (IN)
                         net (fo=0)                   0.000     0.000    CLOCK
    W5                   IBUF (Prop_ibuf_I_O)         0.226     0.226 r  CLOCK_IBUF_inst/O
                         net (fo=1, routed)           0.631     0.858    CLOCK_IBUF
    BUFGCTRL_X0Y1        BUFG (Prop_bufg_I_O)         0.026     0.884 r  CLOCK_IBUF_BUFG_inst/O
                         net (fo=70, routed)          0.564     1.447    clk6p25m/CLOCK_IBUF_BUFG
    SLICE_X33Y49         FDRE                                         r  clk6p25m/count_reg[23]/C
  -------------------------------------------------------------------    -------------------
    SLICE_X33Y49         FDRE (Prop_fdre_C_Q)         0.141     1.588 r  clk6p25m/count_reg[23]/Q
                         net (fo=2, routed)           0.117     1.705    clk6p25m/count_reg[23]
    SLICE_X33Y49         CARRY4 (Prop_carry4_S[3]_CO[3])
                                                      0.160     1.865 r  clk6p25m/count_reg[20]_i_1__0/CO[3]
                         net (fo=1, routed)           0.001     1.866    clk6p25m/count_reg[20]_i_1__0_n_0
    SLICE_X33Y50         CARRY4 (Prop_carry4_CI_CO[3])
                                                      0.039     1.905 r  clk6p25m/count_reg[24]_i_1__0/CO[3]
                         net (fo=1, routed)           0.000     1.905    clk6p25m/count_reg[24]_i_1__0_n_0
    SLICE_X33Y51         CARRY4 (Prop_carry4_CI_O[1])
                                                      0.090     1.995 r  clk6p25m/count_reg[28]_i_1__0/O[1]
                         net (fo=1, routed)           0.000     1.995    clk6p25m/count_reg[28]_i_1__0_n_6
    SLICE_X33Y51         FDRE                                         r  clk6p25m/count_reg[29]/D
  -------------------------------------------------------------------    -------------------

                         (clock sys_clk_pin rise edge)
                                                      0.000     0.000 r  
    W5                                                0.000     0.000 r  CLOCK (IN)
                         net (fo=0)                   0.000     0.000    CLOCK
    W5                   IBUF (Prop_ibuf_I_O)         0.414     0.414 r  CLOCK_IBUF_inst/O
                         net (fo=1, routed)           0.685     1.099    CLOCK_IBUF
    BUFGCTRL_X0Y1        BUFG (Prop_bufg_I_O)         0.029     1.128 r  CLOCK_IBUF_BUFG_inst/O
                         net (fo=70, routed)          0.830     1.958    clk6p25m/CLOCK_IBUF_BUFG
    SLICE_X33Y51         FDRE                                         r  clk6p25m/count_reg[29]/C
                         clock pessimism             -0.244     1.714    
    SLICE_X33Y51         FDRE (Hold_fdre_C_D)         0.105     1.819    clk6p25m/count_reg[29]
  -------------------------------------------------------------------
                         required time                         -1.819    
                         arrival time                           1.995    
  -------------------------------------------------------------------
                         slack                                  0.176    

Slack (MET) :             0.176ns  (arrival time - required time)
  Source:                 clk6p25m/count_reg[23]/C
                            (rising edge-triggered cell FDRE clocked by sys_clk_pin  {rise@0.000ns fall@5.000ns period=10.000ns})
  Destination:            clk6p25m/count_reg[31]/D
                            (rising edge-triggered cell FDRE clocked by sys_clk_pin  {rise@0.000ns fall@5.000ns period=10.000ns})
  Path Group:             sys_clk_pin
  Path Type:              Hold (Min at Fast Process Corner)
  Requirement:            0.000ns  (sys_clk_pin rise@0.000ns - sys_clk_pin rise@0.000ns)
  Data Path Delay:        0.548ns  (logic 0.430ns (78.481%)  route 0.118ns (21.519%))
  Logic Levels:           3  (CARRY4=3)
  Clock Path Skew:        0.267ns (DCD - SCD - CPR)
    Destination Clock Delay (DCD):    1.958ns
    Source Clock Delay      (SCD):    1.447ns
    Clock Pessimism Removal (CPR):    0.244ns

    Location             Delay type                Incr(ns)  Path(ns)    Netlist Resource(s)
  -------------------------------------------------------------------    -------------------
                         (clock sys_clk_pin rise edge)
                                                      0.000     0.000 r  
    W5                                                0.000     0.000 r  CLOCK (IN)
                         net (fo=0)                   0.000     0.000    CLOCK
    W5                   IBUF (Prop_ibuf_I_O)         0.226     0.226 r  CLOCK_IBUF_inst/O
                         net (fo=1, routed)           0.631     0.858    CLOCK_IBUF
    BUFGCTRL_X0Y1        BUFG (Prop_bufg_I_O)         0.026     0.884 r  CLOCK_IBUF_BUFG_inst/O
                         net (fo=70, routed)          0.564     1.447    clk6p25m/CLOCK_IBUF_BUFG
    SLICE_X33Y49         FDRE                                         r  clk6p25m/count_reg[23]/C
  -------------------------------------------------------------------    -------------------
    SLICE_X33Y49         FDRE (Prop_fdre_C_Q)         0.141     1.588 r  clk6p25m/count_reg[23]/Q
                         net (fo=2, routed)           0.117     1.705    clk6p25m/count_reg[23]
    SLICE_X33Y49         CARRY4 (Prop_carry4_S[3]_CO[3])
                                                      0.160     1.865 r  clk6p25m/count_reg[20]_i_1__0/CO[3]
                         net (fo=1, routed)           0.001     1.866    clk6p25m/count_reg[20]_i_1__0_n_0
    SLICE_X33Y50         CARRY4 (Prop_carry4_CI_CO[3])
                                                      0.039     1.905 r  clk6p25m/count_reg[24]_i_1__0/CO[3]
                         net (fo=1, routed)           0.000     1.905    clk6p25m/count_reg[24]_i_1__0_n_0
    SLICE_X33Y51         CARRY4 (Prop_carry4_CI_O[3])
                                                      0.090     1.995 r  clk6p25m/count_reg[28]_i_1__0/O[3]
                         net (fo=1, routed)           0.000     1.995    clk6p25m/count_reg[28]_i_1__0_n_4
    SLICE_X33Y51         FDRE                                         r  clk6p25m/count_reg[31]/D
  -------------------------------------------------------------------    -------------------

                         (clock sys_clk_pin rise edge)
                                                      0.000     0.000 r  
    W5                                                0.000     0.000 r  CLOCK (IN)
                         net (fo=0)                   0.000     0.000    CLOCK
    W5                   IBUF (Prop_ibuf_I_O)         0.414     0.414 r  CLOCK_IBUF_inst/O
                         net (fo=1, routed)           0.685     1.099    CLOCK_IBUF
    BUFGCTRL_X0Y1        BUFG (Prop_bufg_I_O)         0.029     1.128 r  CLOCK_IBUF_BUFG_inst/O
                         net (fo=70, routed)          0.830     1.958    clk6p25m/CLOCK_IBUF_BUFG
    SLICE_X33Y51         FDRE                                         r  clk6p25m/count_reg[31]/C
                         clock pessimism             -0.244     1.714    
    SLICE_X33Y51         FDRE (Hold_fdre_C_D)         0.105     1.819    clk6p25m/count_reg[31]
  -------------------------------------------------------------------
                         required time                         -1.819    
                         arrival time                           1.995    
  -------------------------------------------------------------------
                         slack                                  0.176    

Slack (MET) :             0.261ns  (arrival time - required time)
  Source:                 clk1000hz/count_reg[19]/C
                            (rising edge-triggered cell FDRE clocked by sys_clk_pin  {rise@0.000ns fall@5.000ns period=10.000ns})
  Destination:            clk1000hz/count_reg[19]/D
                            (rising edge-triggered cell FDRE clocked by sys_clk_pin  {rise@0.000ns fall@5.000ns period=10.000ns})
  Path Group:             sys_clk_pin
  Path Type:              Hold (Min at Fast Process Corner)
  Requirement:            0.000ns  (sys_clk_pin rise@0.000ns - sys_clk_pin rise@0.000ns)
  Data Path Delay:        0.366ns  (logic 0.249ns (67.994%)  route 0.117ns (32.006%))
  Logic Levels:           1  (CARRY4=1)
  Clock Path Skew:        0.000ns (DCD - SCD - CPR)
    Destination Clock Delay (DCD):    1.958ns
    Source Clock Delay      (SCD):    1.445ns
    Clock Pessimism Removal (CPR):    0.513ns

    Location             Delay type                Incr(ns)  Path(ns)    Netlist Resource(s)
  -------------------------------------------------------------------    -------------------
                         (clock sys_clk_pin rise edge)
                                                      0.000     0.000 r  
    W5                                                0.000     0.000 r  CLOCK (IN)
                         net (fo=0)                   0.000     0.000    CLOCK
    W5                   IBUF (Prop_ibuf_I_O)         0.226     0.226 r  CLOCK_IBUF_inst/O
                         net (fo=1, routed)           0.631     0.858    CLOCK_IBUF
    BUFGCTRL_X0Y1        BUFG (Prop_bufg_I_O)         0.026     0.884 r  CLOCK_IBUF_BUFG_inst/O
                         net (fo=70, routed)          0.562     1.445    clk1000hz/CLOCK_IBUF_BUFG
    SLICE_X35Y44         FDRE                                         r  clk1000hz/count_reg[19]/C
  -------------------------------------------------------------------    -------------------
    SLICE_X35Y44         FDRE (Prop_fdre_C_Q)         0.141     1.586 r  clk1000hz/count_reg[19]/Q
                         net (fo=2, routed)           0.117     1.703    clk1000hz/count_reg[19]
    SLICE_X35Y44         CARRY4 (Prop_carry4_S[3]_O[3])
                                                      0.108     1.811 r  clk1000hz/count_reg[16]_i_1/O[3]
                         net (fo=1, routed)           0.000     1.811    clk1000hz/count_reg[16]_i_1_n_4
    SLICE_X35Y44         FDRE                                         r  clk1000hz/count_reg[19]/D
  -------------------------------------------------------------------    -------------------

                         (clock sys_clk_pin rise edge)
                                                      0.000     0.000 r  
    W5                                                0.000     0.000 r  CLOCK (IN)
                         net (fo=0)                   0.000     0.000    CLOCK
    W5                   IBUF (Prop_ibuf_I_O)         0.414     0.414 r  CLOCK_IBUF_inst/O
                         net (fo=1, routed)           0.685     1.099    CLOCK_IBUF
    BUFGCTRL_X0Y1        BUFG (Prop_bufg_I_O)         0.029     1.128 r  CLOCK_IBUF_BUFG_inst/O
                         net (fo=70, routed)          0.831     1.958    clk1000hz/CLOCK_IBUF_BUFG
    SLICE_X35Y44         FDRE                                         r  clk1000hz/count_reg[19]/C
                         clock pessimism             -0.513     1.445    
    SLICE_X35Y44         FDRE (Hold_fdre_C_D)         0.105     1.550    clk1000hz/count_reg[19]
  -------------------------------------------------------------------
                         required time                         -1.550    
                         arrival time                           1.811    
  -------------------------------------------------------------------
                         slack                                  0.261    

Slack (MET) :             0.261ns  (arrival time - required time)
  Source:                 clk1000hz/count_reg[23]/C
                            (rising edge-triggered cell FDRE clocked by sys_clk_pin  {rise@0.000ns fall@5.000ns period=10.000ns})
  Destination:            clk1000hz/count_reg[23]/D
                            (rising edge-triggered cell FDRE clocked by sys_clk_pin  {rise@0.000ns fall@5.000ns period=10.000ns})
  Path Group:             sys_clk_pin
  Path Type:              Hold (Min at Fast Process Corner)
  Requirement:            0.000ns  (sys_clk_pin rise@0.000ns - sys_clk_pin rise@0.000ns)
  Data Path Delay:        0.366ns  (logic 0.249ns (67.994%)  route 0.117ns (32.006%))
  Logic Levels:           1  (CARRY4=1)
  Clock Path Skew:        0.000ns (DCD - SCD - CPR)
    Destination Clock Delay (DCD):    1.958ns
    Source Clock Delay      (SCD):    1.445ns
    Clock Pessimism Removal (CPR):    0.513ns

    Location             Delay type                Incr(ns)  Path(ns)    Netlist Resource(s)
  -------------------------------------------------------------------    -------------------
                         (clock sys_clk_pin rise edge)
                                                      0.000     0.000 r  
    W5                                                0.000     0.000 r  CLOCK (IN)
                         net (fo=0)                   0.000     0.000    CLOCK
    W5                   IBUF (Prop_ibuf_I_O)         0.226     0.226 r  CLOCK_IBUF_inst/O
                         net (fo=1, routed)           0.631     0.858    CLOCK_IBUF
    BUFGCTRL_X0Y1        BUFG (Prop_bufg_I_O)         0.026     0.884 r  CLOCK_IBUF_BUFG_inst/O
                         net (fo=70, routed)          0.562     1.445    clk1000hz/CLOCK_IBUF_BUFG
    SLICE_X35Y45         FDRE                                         r  clk1000hz/count_reg[23]/C
  -------------------------------------------------------------------    -------------------
    SLICE_X35Y45         FDRE (Prop_fdre_C_Q)         0.141     1.586 r  clk1000hz/count_reg[23]/Q
                         net (fo=2, routed)           0.117     1.703    clk1000hz/count_reg[23]
    SLICE_X35Y45         CARRY4 (Prop_carry4_S[3]_O[3])
                                                      0.108     1.811 r  clk1000hz/count_reg[20]_i_1/O[3]
                         net (fo=1, routed)           0.000     1.811    clk1000hz/count_reg[20]_i_1_n_4
    SLICE_X35Y45         FDRE                                         r  clk1000hz/count_reg[23]/D
  -------------------------------------------------------------------    -------------------

                         (clock sys_clk_pin rise edge)
                                                      0.000     0.000 r  
    W5                                                0.000     0.000 r  CLOCK (IN)
                         net (fo=0)                   0.000     0.000    CLOCK
    W5                   IBUF (Prop_ibuf_I_O)         0.414     0.414 r  CLOCK_IBUF_inst/O
                         net (fo=1, routed)           0.685     1.099    CLOCK_IBUF
    BUFGCTRL_X0Y1        BUFG (Prop_bufg_I_O)         0.029     1.128 r  CLOCK_IBUF_BUFG_inst/O
                         net (fo=70, routed)          0.831     1.958    clk1000hz/CLOCK_IBUF_BUFG
    SLICE_X35Y45         FDRE                                         r  clk1000hz/count_reg[23]/C
                         clock pessimism             -0.513     1.445    
    SLICE_X35Y45         FDRE (Hold_fdre_C_D)         0.105     1.550    clk1000hz/count_reg[23]
  -------------------------------------------------------------------
                         required time                         -1.550    
                         arrival time                           1.811    
  -------------------------------------------------------------------
                         slack                                  0.261    





Pulse Width Checks
--------------------------------------------------------------------------------------
Clock Name:         sys_clk_pin
Waveform(ns):       { 0.000 5.000 }
Period(ns):         10.000
Sources:            { CLOCK }

Check Type        Corner  Lib Pin  Reference Pin  Required(ns)  Actual(ns)  Slack(ns)  Location       Pin
Min Period        n/a     BUFG/I   n/a            2.155         10.000      7.845      BUFGCTRL_X0Y1  CLOCK_IBUF_BUFG_inst/I
Min Period        n/a     FDRE/C   n/a            1.000         10.000      9.000      SLICE_X35Y40   clk1000hz/count_reg[0]/C
Min Period        n/a     FDRE/C   n/a            1.000         10.000      9.000      SLICE_X35Y42   clk1000hz/count_reg[10]/C
Min Period        n/a     FDRE/C   n/a            1.000         10.000      9.000      SLICE_X35Y42   clk1000hz/count_reg[11]/C
Min Period        n/a     FDRE/C   n/a            1.000         10.000      9.000      SLICE_X35Y43   clk1000hz/count_reg[12]/C
Min Period        n/a     FDRE/C   n/a            1.000         10.000      9.000      SLICE_X35Y43   clk1000hz/count_reg[13]/C
Min Period        n/a     FDRE/C   n/a            1.000         10.000      9.000      SLICE_X35Y43   clk1000hz/count_reg[14]/C
Min Period        n/a     FDRE/C   n/a            1.000         10.000      9.000      SLICE_X35Y43   clk1000hz/count_reg[15]/C
Min Period        n/a     FDRE/C   n/a            1.000         10.000      9.000      SLICE_X35Y44   clk1000hz/count_reg[16]/C
Min Period        n/a     FDRE/C   n/a            1.000         10.000      9.000      SLICE_X35Y44   clk1000hz/count_reg[17]/C
Low Pulse Width   Slow    FDRE/C   n/a            0.500         5.000       4.500      SLICE_X33Y44   clk6p25m/count_reg[0]/C
Low Pulse Width   Slow    FDRE/C   n/a            0.500         5.000       4.500      SLICE_X33Y46   clk6p25m/count_reg[10]/C
Low Pulse Width   Slow    FDRE/C   n/a            0.500         5.000       4.500      SLICE_X33Y46   clk6p25m/count_reg[11]/C
Low Pulse Width   Slow    FDRE/C   n/a            0.500         5.000       4.500      SLICE_X33Y47   clk6p25m/count_reg[12]/C
Low Pulse Width   Slow    FDRE/C   n/a            0.500         5.000       4.500      SLICE_X33Y47   clk6p25m/count_reg[13]/C
Low Pulse Width   Slow    FDRE/C   n/a            0.500         5.000       4.500      SLICE_X33Y47   clk6p25m/count_reg[14]/C
Low Pulse Width   Slow    FDRE/C   n/a            0.500         5.000       4.500      SLICE_X33Y47   clk6p25m/count_reg[15]/C
Low Pulse Width   Slow    FDRE/C   n/a            0.500         5.000       4.500      SLICE_X33Y48   clk6p25m/count_reg[16]/C
Low Pulse Width   Slow    FDRE/C   n/a            0.500         5.000       4.500      SLICE_X33Y48   clk6p25m/count_reg[17]/C
Low Pulse Width   Slow    FDRE/C   n/a            0.500         5.000       4.500      SLICE_X33Y48   clk6p25m/count_reg[18]/C
High Pulse Width  Slow    FDRE/C   n/a            0.500         5.000       4.500      SLICE_X33Y50   clk6p25m/count_reg[24]/C
High Pulse Width  Slow    FDRE/C   n/a            0.500         5.000       4.500      SLICE_X33Y50   clk6p25m/count_reg[25]/C
High Pulse Width  Slow    FDRE/C   n/a            0.500         5.000       4.500      SLICE_X33Y50   clk6p25m/count_reg[26]/C
High Pulse Width  Slow    FDRE/C   n/a            0.500         5.000       4.500      SLICE_X33Y50   clk6p25m/count_reg[27]/C
High Pulse Width  Slow    FDRE/C   n/a            0.500         5.000       4.500      SLICE_X33Y51   clk6p25m/count_reg[28]/C
High Pulse Width  Slow    FDRE/C   n/a            0.500         5.000       4.500      SLICE_X33Y51   clk6p25m/count_reg[29]/C
High Pulse Width  Slow    FDRE/C   n/a            0.500         5.000       4.500      SLICE_X33Y51   clk6p25m/count_reg[30]/C
High Pulse Width  Slow    FDRE/C   n/a            0.500         5.000       4.500      SLICE_X33Y51   clk6p25m/count_reg[31]/C
High Pulse Width  Slow    FDRE/C   n/a            0.500         5.000       4.500      SLICE_X35Y40   clk1000hz/count_reg[0]/C
High Pulse Width  Fast    FDRE/C   n/a            0.500         5.000       4.500      SLICE_X35Y40   clk1000hz/count_reg[0]/C



